{"meta": {"format": 3, "version": "7.13.2", "timestamp": "2026-02-08T12:01:32.081688", "branch_coverage": true, "show_contexts": false}, "files": {"scripts\\automation.py": {"executed_lines": [21, 22, 23, 24, 25, 26, 27, 30, 31, 32, 33, 34, 37, 40, 41, 42, 49, 51, 52, 53, 54, 58, 60, 61, 64, 65, 68, 71, 72, 80, 81, 82, 83, 84, 85, 86, 90, 92, 94, 95, 96, 98, 101, 102, 105, 106, 107, 109, 110, 113, 120, 121, 123, 125, 127, 129, 131, 132, 133, 134, 135, 137, 141, 148, 149, 150, 153, 154, 158, 159, 161, 163, 165, 166, 167, 168, 169, 171, 172, 173, 175, 177, 184, 185, 187, 190, 191, 192, 194, 196, 197, 198, 199, 200, 203, 208, 214, 220, 221, 223, 225, 226, 227, 228, 229, 231, 232, 233, 235, 237, 238, 239, 241, 244, 245, 246, 248, 249, 251, 253, 255, 256, 259, 262, 265, 268, 269, 272, 273, 276, 279, 280, 285, 288, 289, 293, 294, 298, 301, 302, 306, 308, 310, 312, 313, 315, 316, 317, 319, 320, 321, 322, 323, 325, 326, 327, 330, 331], "summary": {"covered_lines": 158, "num_statements": 169, "percent_covered": 92.95774647887323, "percent_covered_display": "92.96", "missing_lines": 11, "excluded_lines": 2, "percent_statements_covered": 93.49112426035504, "percent_statements_covered_display": "93.49", "num_branches": 44, "num_partial_branches": 4, "covered_branches": 40, "missing_branches": 4, "percent_branches_covered": 90.9090909090909, "percent_branches_covered_display": "90.91"}, "missing_lines": [55, 56, 69, 87, 88, 111, 155, 156, 204, 205, 206], "excluded_lines": [334, 335], "executed_branches": [[60, 61], [60, 64], [64, 65], [64, 68], [68, 71], [95, 96], [95, 98], [106, 107], [106, 109], [110, 113], [120, 121], [120, 123], [132, 133], [132, 137], [148, 149], [153, 154], [153, 158], [166, 167], [166, 171], [172, 173], [172, 175], [190, 191], [190, 194], [197, 198], [197, 203], [203, 208], [231, 232], [231, 241], [237, 231], [237, 238], [268, 269], [268, 272], [312, 313], [312, 315], [315, 316], [315, 319], [319, 320], [319, 325], [325, 326], [325, 330]], "missing_branches": [[68, 69], [110, 111], [148, 158], [203, 204]], "functions": {"AutomationRunner.__init__": {"executed_lines": [41, 42], "summary": {"covered_lines": 2, "num_statements": 2, "percent_covered": 100.0, "percent_covered_display": "100.00", "missing_lines": 0, "excluded_lines": 0, "percent_statements_covered": 100.0, "percent_statements_covered_display": "100.00", "num_branches": 0, "num_partial_branches": 0, "covered_branches": 0, "missing_branches": 0, "percent_branches_covered": 100.0, "percent_branches_covered_display": "100.00"}, "missing_lines": [], "excluded_lines": [], "start_line": 40, "executed_branches": [], "missing_branches": []}, "AutomationRunner.log": {"executed_lines": [51, 52, 53, 54], "summary": {"covered_lines": 4, "num_statements": 6, "percent_covered": 66.66666666666667, "percent_covered_display": "66.67", "missing_lines": 2, "excluded_lines": 0, "percent_statements_covered": 66.66666666666667, "percent_statements_covered_display": "66.67", "num_branches": 0, "num_partial_branches": 0, "covered_branches": 0, "missing_branches": 0, "percent_branches_covered": 100.0, "percent_branches_covered_display": "100.00"}, "missing_lines": [55, 56], "excluded_lines": [], "start_line": 49, "executed_branches": [], "missing_branches": []}, "AutomationRunner.run_command": {"executed_lines": [60, 61, 64, 65, 68, 71, 72, 80, 81, 82, 83, 84, 85, 86], "summary": {"covered_lines": 14, "num_statements": 17, "percent_covered": 82.6086956521739, "percent_covered_display": "82.61", "missing_lines": 3, "excluded_lines": 0, "percent_statements_covered": 82.3529411764706, "percent_statements_covered_display": "82.35", "num_branches": 6, "num_partial_branches": 1, "covered_branches": 5, "missing_branches": 1, "percent_branches_covered": 83.33333333333333, "percent_branches_covered_display": "83.33"}, "missing_lines": [69, 87, 88], "excluded_lines": [], "start_line": 58, "executed_branches": [[60, 61], [60, 64], [64, 65], [64, 68], [68, 71]], "missing_branches": [[68, 69]]}, "AutomationRunner.run_tests": {"executed_lines": [92, 94, 95, 96, 98, 101, 102, 105, 106, 107, 109, 110, 113, 120, 121, 123, 125], "summary": {"covered_lines": 17, "num_statements": 18, "percent_covered": 92.3076923076923, "percent_covered_display": "92.31", "missing_lines": 1, "excluded_lines": 0, "percent_statements_covered": 94.44444444444444, "percent_statements_covered_display": "94.44", "num_branches": 8, "num_partial_branches": 1, "covered_branches": 7, "missing_branches": 1, "percent_branches_covered": 87.5, "percent_branches_covered_display": "87.50"}, "missing_lines": [111], "excluded_lines": [], "start_line": 90, "executed_branches": [[95, 96], [95, 98], [106, 107], [106, 109], [110, 113], [120, 121], [120, 123]], "missing_branches": [[110, 111]]}, "AutomationRunner.analyze_errors": {"executed_lines": [129, 131, 132, 133, 134, 135, 137, 141, 148, 149, 150, 153, 154, 158, 159], "summary": {"covered_lines": 15, "num_statements": 17, "percent_covered": 86.95652173913044, "percent_covered_display": "86.96", "missing_lines": 2, "excluded_lines": 0, "percent_statements_covered": 88.23529411764706, "percent_statements_covered_display": "88.24", "num_branches": 6, "num_partial_branches": 1, "covered_branches": 5, "missing_branches": 1, "percent_branches_covered": 83.33333333333333, "percent_branches_covered_display": "83.33"}, "missing_lines": [155, 156], "excluded_lines": [], "start_line": 127, "executed_branches": [[132, 133], [132, 137], [148, 149], [153, 154], [153, 158]], "missing_branches": [[148, 158]]}, "AutomationRunner.process_feedback": {"executed_lines": [163, 165, 166, 167, 168, 169, 171, 172, 173, 175, 177, 184, 185], "summary": {"covered_lines": 13, "num_statements": 13, "percent_covered": 100.0, "percent_covered_display": "100.00", "missing_lines": 0, "excluded_lines": 0, "percent_statements_covered": 100.0, "percent_statements_covered_display": "100.00", "num_branches": 4, "num_partial_branches": 0, "covered_branches": 4, "missing_branches": 0, "percent_branches_covered": 100.0, "percent_branches_covered_display": "100.00"}, "missing_lines": [], "excluded_lines": [], "start_line": 161, "executed_branches": [[166, 167], [166, 171], [172, 173], [172, 175]], "missing_branches": []}, "AutomationRunner.generate_lessons": {"executed_lines": [190, 191, 192, 194, 196, 197, 198, 199, 200, 203, 208, 214, 220, 221], "summary": {"covered_lines": 14, "num_statements": 17, "percent_covered": 82.6086956521739, "percent_covered_display": "82.61", "missing_lines": 3, "excluded_lines": 0, "percent_statements_covered": 82.3529411764706, "percent_statements_covered_display": "82.35", "num_branches": 6, "num_partial_branches": 1, "covered_branches": 5, "missing_branches": 1, "percent_branches_covered": 83.33333333333333, "percent_branches_covered_display": "83.33"}, "missing_lines": [204, 205, 206], "excluded_lines": [], "start_line": 187, "executed_branches": [[190, 191], [190, 194], [197, 198], [197, 203], [203, 208]], "missing_branches": [[203, 204]]}, "AutomationRunner.generate_report": {"executed_lines": [225, 226, 227, 228, 229, 231, 232, 233, 235, 237, 238, 239, 241, 244, 245, 246, 248, 249, 251], "summary": {"covered_lines": 19, "num_statements": 19, "percent_covered": 100.0, "percent_covered_display": "100.00", "missing_lines": 0, "excluded_lines": 0, "percent_statements_covered": 100.0, "percent_statements_covered_display": "100.00", "num_branches": 4, "num_partial_branches": 0, "covered_branches": 4, "missing_branches": 0, "percent_branches_covered": 100.0, "percent_branches_covered_display": "100.00"}, "missing_lines": [], "excluded_lines": [], "start_line": 223, "executed_branches": [[231, 232], [231, 241], [237, 231], [237, 238]], "missing_branches": []}, "AutomationRunner.run_full_cycle": {"executed_lines": [255, 256, 259, 262, 265, 268, 269, 272, 273, 276], "summary": {"covered_lines": 10, "num_statements": 10, "percent_covered": 100.0, "percent_covered_display": "100.00", "missing_lines": 0, "excluded_lines": 0, "percent_statements_covered": 100.0, "percent_statements_covered_display": "100.00", "num_branches": 2, "num_partial_branches": 0, "covered_branches": 2, "missing_branches": 0, "percent_branches_covered": 100.0, "percent_branches_covered_display": "100.00"}, "missing_lines": [], "excluded_lines": [], "start_line": 253, "executed_branches": [[268, 269], [268, 272]], "missing_branches": []}, "main": {"executed_lines": [280, 285, 288, 289, 293, 294, 298, 301, 302, 306, 308, 310, 312, 313, 315, 316, 317, 319, 320, 321, 322, 323, 325, 326, 327, 330, 331], "summary": {"covered_lines": 27, "num_statements": 27, "percent_covered": 100.0, "percent_covered_display": "100.00", "missing_lines": 0, "excluded_lines": 0, "percent_statements_covered": 100.0, "percent_statements_covered_display": "100.00", "num_branches": 8, "num_partial_branches": 0, "covered_branches": 8, "missing_branches": 0, "percent_branches_covered": 100.0, "percent_branches_covered_display": "100.00"}, "missing_lines": [], "excluded_lines": [], "start_line": 279, "executed_branches": [[312, 313], [312, 315], [315, 316], [315, 319], [319, 320], [319, 325], [325, 326], [325, 330]], "missing_branches": []}, "": {"executed_lines": [21, 22, 23, 24, 25, 26, 27, 30, 31, 32, 33, 34, 37, 40, 49, 58, 90, 127, 161, 187, 223, 253, 279], "summary": {"covered_lines": 23, "num_statements": 23, "percent_covered": 100.0, "percent_covered_display": "100.00", "missing_lines": 0, "excluded_lines": 2, "percent_statements_covered": 100.0, "percent_statements_covered_display": "100.00", "num_branches": 0, "num_partial_branches": 0, "covered_branches": 0, "missing_branches": 0, "percent_branches_covered": 100.0, "percent_branches_covered_display": "100.00"}, "missing_lines": [], "excluded_lines": [334, 335], "start_line": 1, "executed_branches": [], "missing_branches": []}}, "classes": {"AutomationRunner": {"executed_lines": [41, 42, 51, 52, 53, 54, 60, 61, 64, 65, 68, 71, 72, 80, 81, 82, 83, 84, 85, 86, 92, 94, 95, 96, 98, 101, 102, 105, 106, 107, 109, 110, 113, 120, 121, 123, 125, 129, 131, 132, 133, 134, 135, 137, 141, 148, 149, 150, 153, 154, 158, 159, 163, 165, 166, 167, 168, 169, 171, 172, 173, 175, 177, 184, 185, 190, 191, 192, 194, 196, 197, 198, 199, 200, 203, 208, 214, 220, 221, 225, 226, 227, 228, 229, 231, 232, 233, 235, 237, 238, 239, 241, 244, 245, 246, 248, 249, 251, 255, 256, 259, 262, 265, 268, 269, 272, 273, 276], "summary": {"covered_lines": 108, "num_statements": 119, "percent_covered": 90.3225806451613, "percent_covered_display": "90.32", "missing_lines": 11, "excluded_lines": 0, "percent_statements_covered": 90.75630252100841, "percent_statements_covered_display": "90.76", "num_branches": 36, "num_partial_branches": 4, "covered_branches": 32, "missing_branches": 4, "percent_branches_covered": 88.88888888888889, "percent_branches_covered_display": "88.89"}, "missing_lines": [55, 56, 69, 87, 88, 111, 155, 156, 204, 205, 206], "excluded_lines": [], "start_line": 37, "executed_branches": [[60, 61], [60, 64], [64, 65], [64, 68], [68, 71], [95, 96], [95, 98], [106, 107], [106, 109], [110, 113], [120, 121], [120, 123], [132, 133], [132, 137], [148, 149], [153, 154], [153, 158], [166, 167], [166, 171], [172, 173], [172, 175], [190, 191], [190, 194], [197, 198], [197, 203], [203, 208], [231, 232], [231, 241], [237, 231], [237, 238], [268, 269], [268, 272]], "missing_branches": [[68, 69], [110, 111], [148, 158], [203, 204]]}, "": {"executed_lines": [21, 22, 23, 24, 25, 26, 27, 30, 31, 32, 33, 34, 37, 40, 49, 58, 90, 127, 161, 187, 223, 253, 279, 280, 285, 288, 289, 293, 294, 298, 301, 302, 306, 308, 310, 312, 313, 315, 316, 317, 319, 320, 321, 322, 323, 325, 326, 327, 330, 331], "summary": {"covered_lines": 50, "num_statements": 50, "percent_covered": 100.0, "percent_covered_display": "100.00", "missing_lines": 0, "excluded_lines": 2, "percent_statements_covered": 100.0, "percent_statements_covered_display": "100.00", "num_branches": 8, "num_partial_branches": 0, "covered_branches": 8, "missing_branches": 0, "percent_branches_covered": 100.0, "percent_branches_covered_display": "100.00"}, "missing_lines": [], "excluded_lines": [334, 335], "start_line": 1, "executed_branches": [[312, 313], [312, 315], [315, 316], [315, 319], [319, 320], [319, 325], [325, 326], [325, 330]], "missing_branches": []}}}, "scripts\\check_error_thresholds.py": {"executed_lines": [20, 21, 22, 23, 24, 27, 28, 29, 30, 33, 43, 45, 46, 48, 49, 50, 51, 52, 53, 56, 58, 63, 64, 66, 69, 71, 76, 78, 79, 80, 81, 83, 86, 88, 93, 95, 96, 97, 98, 100, 103, 105, 106, 108, 109, 110, 111, 112, 115, 119, 121, 122, 130, 131, 132, 133, 134, 136, 139, 141, 142, 143, 144, 146, 147, 149, 150, 151, 153, 156, 157, 158, 159, 161, 163, 164, 165, 166, 168, 170, 171, 174, 175, 176, 177, 180, 181, 182, 183, 184, 185, 188, 189, 190, 192, 193, 194, 197, 198, 199, 200, 203, 205, 207, 208, 209, 210, 211, 212, 213, 214, 216, 217, 218], "summary": {"covered_lines": 114, "num_statements": 115, "percent_covered": 98.75776397515529, "percent_covered_display": "98.76", "missing_lines": 1, "excluded_lines": 2, "percent_statements_covered": 99.1304347826087, "percent_statements_covered_display": "99.13", "num_branches": 46, "num_partial_branches": 1, "covered_branches": 45, "missing_branches": 1, "percent_branches_covered": 97.82608695652173, "percent_branches_covered_display": "97.83"}, "missing_lines": [191], "excluded_lines": [221, 222], "executed_branches": [[45, 46], [45, 48], [63, 64], [63, 66], [78, 79], [78, 80], [80, 81], [80, 83], [95, 96], [95, 97], [97, 98], [97, 100], [109, 110], [109, 130], [111, 112], [111, 115], [121, 109], [121, 122], [130, 131], [130, 136], [132, 133], [132, 134], [142, 143], [142, 146], [146, 147], [146, 149], [150, 151], [150, 153], [163, 164], [163, 168], [176, 177], [176, 180], [182, 183], [182, 184], [184, 185], [184, 188], [190, 192], [192, 193], [192, 197], [199, 200], [199, 203], [207, 208], [207, 211], [211, 212], [211, 216]], "missing_branches": [[190, 191]], "functions": {"load_patterns": {"executed_lines": [45, 46, 48, 49, 50, 51, 52, 53], "summary": {"covered_lines": 8, "num_statements": 8, "percent_covered": 100.0, "percent_covered_display": "100.00", "missing_lines": 0, "excluded_lines": 0, "percent_statements_covered": 100.0, "percent_statements_covered_display": "100.00", "num_branches": 2, "num_partial_branches": 0, "covered_branches": 2, "missing_branches": 0, "percent_branches_covered": 100.0, "percent_branches_covered_display": "100.00"}, "missing_lines": [], "excluded_lines": [], "start_line": 43, "executed_branches": [[45, 46], [45, 48]], "missing_branches": []}, "check_critical_errors": {"executed_lines": [58, 63, 64, 66], "summary": {"covered_lines": 4, "num_statements": 4, "percent_covered": 100.0, "percent_covered_display": "100.00", "missing_lines": 0, "excluded_lines": 0, "percent_statements_covered": 100.0, "percent_statements_covered_display": "100.00", "num_branches": 2, "num_partial_branches": 0, "covered_branches": 2, "missing_branches": 0, "percent_branches_covered": 100.0, "percent_branches_covered_display": "100.00"}, "missing_lines": [], "excluded_lines": [], "start_line": 56, "executed_branches": [[63, 64], [63, 66]], "missing_branches": []}, "check_recurring_patterns": {"executed_lines": [71, 76, 78, 79, 80, 81, 83], "summary": {"covered_lines": 7, "num_statements": 7, "percent_covered": 100.0, "percent_covered_display": "100.00", "missing_lines": 0, "excluded_lines": 0, "percent_statements_covered": 100.0, "percent_statements_covered_display": "100.00", "num_branches": 4, "num_partial_branches": 0, "covered_branches": 4, "missing_branches": 0, "percent_branches_covered": 100.0, "percent_branches_covered_display": "100.00"}, "missing_lines": [], "excluded_lines": [], "start_line": 69, "executed_branches": [[78, 79], [78, 80], [80, 81], [80, 83]], "missing_branches": []}, "check_patterns_needing_attention": {"executed_lines": [88, 93, 95, 96, 97, 98, 100], "summary": {"covered_lines": 7, "num_statements": 7, "percent_covered": 100.0, "percent_covered_display": "100.00", "missing_lines": 0, "excluded_lines": 0, "percent_statements_covered": 100.0, "percent_statements_covered_display": "100.00", "num_branches": 4, "num_partial_branches": 0, "covered_branches": 4, "missing_branches": 0, "percent_branches_covered": 100.0, "percent_branches_covered_display": "100.00"}, "missing_lines": [], "excluded_lines": [], "start_line": 86, "executed_branches": [[95, 96], [95, 97], [97, 98], [97, 100]], "missing_branches": []}, "check_error_surge": {"executed_lines": [105, 106, 108, 109, 110, 111, 112, 115, 119, 121, 122, 130, 131, 132, 133, 134, 136], "summary": {"covered_lines": 17, "num_statements": 17, "percent_covered": 100.0, "percent_covered_display": "100.00", "missing_lines": 0, "excluded_lines": 0, "percent_statements_covered": 100.0, "percent_statements_covered_display": "100.00", "num_branches": 10, "num_partial_branches": 0, "covered_branches": 10, "missing_branches": 0, "percent_branches_covered": 100.0, "percent_branches_covered_display": "100.00"}, "missing_lines": [], "excluded_lines": [], "start_line": 103, "executed_branches": [[109, 110], [109, 130], [111, 112], [111, 115], [121, 109], [121, 122], [130, 131], [130, 136], [132, 133], [132, 134]], "missing_branches": []}, "check_category_distribution": {"executed_lines": [141, 142, 143, 144, 146, 147, 149, 150, 151, 153], "summary": {"covered_lines": 10, "num_statements": 10, "percent_covered": 100.0, "percent_covered_display": "100.00", "missing_lines": 0, "excluded_lines": 0, "percent_statements_covered": 100.0, "percent_statements_covered_display": "100.00", "num_branches": 6, "num_partial_branches": 0, "covered_branches": 6, "missing_branches": 0, "percent_branches_covered": 100.0, "percent_branches_covered_display": "100.00"}, "missing_lines": [], "excluded_lines": [], "start_line": 139, "executed_branches": [[142, 143], [142, 146], [146, 147], [146, 149], [150, 151], [150, 153]], "missing_branches": []}, "main": {"executed_lines": [157, 158, 159, 161, 163, 164, 165, 166, 168, 170, 171, 174, 175, 176, 177, 180, 181, 182, 183, 184, 185, 188, 189, 190, 192, 193, 194, 197, 198, 199, 200, 203, 205, 207, 208, 209, 210, 211, 212, 213, 214, 216, 217, 218], "summary": {"covered_lines": 44, "num_statements": 45, "percent_covered": 96.82539682539682, "percent_covered_display": "96.83", "missing_lines": 1, "excluded_lines": 0, "percent_statements_covered": 97.77777777777777, "percent_statements_covered_display": "97.78", "num_branches": 18, "num_partial_branches": 1, "covered_branches": 17, "missing_branches": 1, "percent_branches_covered": 94.44444444444444, "percent_branches_covered_display": "94.44"}, "missing_lines": [191], "excluded_lines": [], "start_line": 156, "executed_branches": [[163, 164], [163, 168], [176, 177], [176, 180], [182, 183], [182, 184], [184, 185], [184, 188], [190, 192], [192, 193], [192, 197], [199, 200], [199, 203], [207, 208], [207, 211], [211, 212], [211, 216]], "missing_branches": [[190, 191]]}, "": {"executed_lines": [20, 21, 22, 23, 24, 27, 28, 29, 30, 33, 43, 56, 69, 86, 103, 139, 156], "summary": {"covered_lines": 17, "num_statements": 17, "percent_covered": 100.0, "percent_covered_display": "100.00", "missing_lines": 0, "excluded_lines": 2, "percent_statements_covered": 100.0, "percent_statements_covered_display": "100.00", "num_branches": 0, "num_partial_branches": 0, "covered_branches": 0, "missing_branches": 0, "percent_branches_covered": 100.0, "percent_branches_covered_display": "100.00"}, "missing_lines": [], "excluded_lines": [221, 222], "start_line": 1, "executed_branches": [], "missing_branches": []}}, "classes": {"": {"executed_lines": [20, 21, 22, 23, 24, 27, 28, 29, 30, 33, 43, 45, 46, 48, 49, 50, 51, 52, 53, 56, 58, 63, 64, 66, 69, 71, 76, 78, 79, 80, 81, 83, 86, 88, 93, 95, 96, 97, 98, 100, 103, 105, 106, 108, 109, 110, 111, 112, 115, 119, 121, 122, 130, 131, 132, 133, 134, 136, 139, 141, 142, 143, 144, 146, 147, 149, 150, 151, 153, 156, 157, 158, 159, 161, 163, 164, 165, 166, 168, 170, 171, 174, 175, 176, 177, 180, 181, 182, 183, 184, 185, 188, 189, 190, 192, 193, 194, 197, 198, 199, 200, 203, 205, 207, 208, 209, 210, 211, 212, 213, 214, 216, 217, 218], "summary": {"covered_lines": 114, "num_statements": 115, "percent_covered": 98.75776397515529, "percent_covered_display": "98.76", "missing_lines": 1, "excluded_lines": 2, "percent_statements_covered": 99.1304347826087, "percent_statements_covered_display": "99.13", "num_branches": 46, "num_partial_branches": 1, "covered_branches": 45, "missing_branches": 1, "percent_branches_covered": 97.82608695652173, "percent_branches_covered_display": "97.83"}, "missing_lines": [191], "excluded_lines": [221, 222], "start_line": 1, "executed_branches": [[45, 46], [45, 48], [63, 64], [63, 66], [78, 79], [78, 80], [80, 81], [80, 83], [95, 96], [95, 97], [97, 98], [97, 100], [109, 110], [109, 130], [111, 112], [111, 115], [121, 109], [121, 122], [130, 131], [130, 136], [132, 133], [132, 134], [142, 143], [142, 146], [146, 147], [146, 149], [150, 151], [150, 153], [163, 164], [163, 168], [176, 177], [176, 180], [182, 183], [182, 184], [184, 185], [184, 188], [190, 192], [192, 193], [192, 197], [199, 200], [199, 203], [207, 208], [207, 211], [211, 212], [211, 216]], "missing_branches": [[190, 191]]}}}, "scripts\\error_tracker.py": {"executed_lines": [29, 30, 31, 32, 33, 34, 35, 36, 37, 38, 41, 42, 43, 44, 45, 46, 49, 59, 67, 70, 80, 81, 82, 83, 84, 85, 86, 87, 90, 92, 95, 96, 98, 100, 102, 104, 106, 108, 109, 111, 113, 125, 126, 128, 137, 138, 139, 142, 145, 146, 147, 148, 151, 154, 155, 157, 159, 160, 162, 164, 165, 167, 168, 169, 170, 172, 173, 175, 176, 177, 178, 180, 181, 182, 183, 184, 187, 188, 189, 190, 191, 196, 197, 198, 199, 204, 206, 208, 209, 211, 212, 219, 220, 230, 232, 233, 235, 236, 237, 238, 240, 241, 243, 244, 245, 246, 248, 249, 250, 251, 252, 257, 259, 261, 262, 264, 265, 268, 269, 279, 281, 283, 284, 285, 286, 288, 290, 292, 295, 296, 299, 300, 303, 304, 307, 308, 310, 312, 324, 325, 326, 327, 330, 331, 332, 333, 336, 337, 340, 341, 343, 344, 346, 356, 359, 360, 361, 363, 366, 368, 369, 371, 373, 375, 376, 389, 390, 391, 392, 398, 400, 403, 404, 406, 408, 416, 417, 419, 420, 426, 427, 430, 434, 435, 438, 439, 442, 445, 448, 449, 451, 453, 455, 457, 459, 460, 461, 462, 465, 466, 467, 469, 470, 472, 473, 474, 476, 478, 480, 481, 482, 483, 485, 497, 498, 499, 500, 501, 502, 503, 504, 505, 507, 508, 509, 511, 512, 513, 514, 516, 517, 518, 519, 521, 522, 523, 524, 526, 527, 528, 529, 531, 532, 533, 534, 537, 538, 539, 541, 543, 545, 549, 550, 551, 552, 553, 558, 559, 561, 562, 565, 566, 571, 573, 574, 575, 576, 577, 578, 580, 581, 582, 583, 584, 586, 589, 590, 593, 595, 606, 608, 609, 610, 612, 624, 625, 626, 627, 628, 629, 630, 631, 632, 634, 635, 636, 638, 639, 640, 641, 642, 644, 646, 648, 650, 651, 652, 653, 654, 655, 656, 657, 658, 660, 667, 672, 677, 679, 681, 683, 684, 685, 687, 692, 697, 702, 703, 707, 710], "summary": {"covered_lines": 329, "num_statements": 438, "percent_covered": 73.24414715719064, "percent_covered_display": "73.24", "missing_lines": 109, "excluded_lines": 2, "percent_statements_covered": 75.11415525114155, "percent_statements_covered_display": "75.11", "num_branches": 160, "num_partial_branches": 11, "covered_branches": 109, "missing_branches": 51, "percent_branches_covered": 68.125, "percent_branches_covered_display": "68.12"}, "missing_lines": [192, 193, 194, 200, 201, 202, 221, 222, 224, 225, 226, 227, 228, 253, 254, 255, 270, 271, 273, 274, 275, 276, 277, 546, 554, 555, 556, 597, 598, 600, 601, 602, 603, 604, 661, 662, 663, 664, 665, 668, 669, 670, 673, 674, 675, 688, 689, 690, 693, 694, 695, 698, 699, 700, 704, 705, 711, 716, 719, 720, 721, 722, 723, 724, 725, 728, 731, 732, 733, 736, 739, 740, 743, 745, 747, 749, 750, 759, 760, 762, 763, 767, 768, 769, 770, 772, 774, 775, 777, 778, 779, 780, 781, 783, 784, 785, 786, 787, 789, 790, 792, 793, 795, 796, 797, 798, 801, 802, 804], "excluded_lines": [807, 808], "executed_branches": [[159, -157], [159, 160], [164, 165], [164, 204], [167, 168], [167, 172], [175, 176], [175, 180], [181, 182], [181, 187], [188, 189], [188, 196], [190, 188], [190, 191], [232, 233], [232, 257], [235, 236], [235, 240], [243, 244], [243, 248], [283, 284], [283, 288], [284, 283], [284, 285], [285, 284], [285, 286], [295, 296], [295, 299], [299, 300], [299, 303], [303, 304], [303, 307], [307, 308], [307, 310], [324, 325], [324, 326], [326, 327], [326, 330], [336, 337], [336, 340], [340, 341], [340, 343], [343, 344], [343, 346], [359, 360], [359, 363], [375, 376], [375, 389], [403, -371], [403, 404], [419, 420], [419, 448], [426, 427], [426, 430], [434, 435], [434, 438], [438, 439], [438, 442], [448, 449], [448, 451], [457, 459], [457, 472], [459, 460], [459, 461], [461, 462], [461, 465], [466, 467], [469, 457], [469, 470], [472, 473], [472, 476], [497, 498], [497, 511], [498, 499], [498, 502], [502, 503], [502, 507], [511, 512], [511, 516], [516, 517], [516, 521], [521, 522], [521, 526], [526, 527], [526, 531], [531, 532], [531, 537], [545, 549], [549, 550], [549, 558], [571, 573], [571, 586], [624, 625], [624, 638], [627, 628], [629, 630], [638, 639], [638, 644], [639, 640], [639, 641], [641, 638], [641, 642], [660, 667], [667, 672], [672, 677], [687, 692], [692, 697], [697, 702], [703, 707]], "missing_branches": [[224, -206], [224, 225], [273, -259], [273, 274], [466, 457], [545, 546], [600, -543], [600, 601], [627, 629], [629, 634], [660, 661], [662, 663], [662, 667], [664, 662], [664, 665], [667, 668], [669, 670], [669, 672], [672, 673], [674, 675], [674, 677], [687, 688], [689, 690], [689, 692], [692, 693], [694, 695], [694, 697], [697, 698], [699, 700], [699, 702], [703, 704], [749, 750], [749, 759], [759, 760], [759, 762], [762, 763], [762, 774], [767, 768], [767, 772], [769, 770], [769, 804], [774, 775], [774, 777], [777, 778], [777, 801], [783, 784], [783, 792], [785, 783], [785, 786], [797, 798], [797, 804]], "functions": {"ErrorEntry.__init__": {"executed_lines": [80, 81, 82, 83, 84, 85, 86, 87, 90], "summary": {"covered_lines": 9, "num_statements": 9, "percent_covered": 100.0, "percent_covered_display": "100.00", "missing_lines": 0, "excluded_lines": 0, "percent_statements_covered": 100.0, "percent_statements_covered_display": "100.00", "num_branches": 0, "num_partial_branches": 0, "covered_branches": 0, "missing_branches": 0, "percent_branches_covered": 100.0, "percent_branches_covered_display": "100.00"}, "missing_lines": [], "excluded_lines": [], "start_line": 70, "executed_branches": [], "missing_branches": []}, "ErrorEntry._generate_fingerprint": {"executed_lines": [95, 96], "summary": {"covered_lines": 2, "num_statements": 2, "percent_covered": 100.0, "percent_covered_display": "100.00", "missing_lines": 0, "excluded_lines": 0, "percent_statements_covered": 100.0, "percent_statements_covered_display": "100.00", "num_branches": 0, "num_partial_branches": 0, "covered_branches": 0, "missing_branches": 0, "percent_branches_covered": 100.0, "percent_branches_covered_display": "100.00"}, "missing_lines": [], "excluded_lines": [], "start_line": 92, "executed_branches": [], "missing_branches": []}, "ErrorEntry._normalize_message": {"executed_lines": [100, 102, 104, 106, 108, 109], "summary": {"covered_lines": 6, "num_statements": 6, "percent_covered": 100.0, "percent_covered_display": "100.00", "missing_lines": 0, "excluded_lines": 0, "percent_statements_covered": 100.0, "percent_statements_covered_display": "100.00", "num_branches": 0, "num_partial_branches": 0, "covered_branches": 0, "missing_branches": 0, "percent_branches_covered": 100.0, "percent_branches_covered_display": "100.00"}, "missing_lines": [], "excluded_lines": [], "start_line": 98, "executed_branches": [], "missing_branches": []}, "ErrorEntry.to_dict": {"executed_lines": [113], "summary": {"covered_lines": 1, "num_statements": 1, "percent_covered": 100.0, "percent_covered_display": "100.00", "missing_lines": 0, "excluded_lines": 0, "percent_statements_covered": 100.0, "percent_statements_covered_display": "100.00", "num_branches": 0, "num_partial_branches": 0, "covered_branches": 0, "missing_branches": 0, "percent_branches_covered": 100.0, "percent_branches_covered_display": "100.00"}, "missing_lines": [], "excluded_lines": [], "start_line": 111, "executed_branches": [], "missing_branches": []}, "ErrorEntry.from_dict": {"executed_lines": [128, 137, 138, 139], "summary": {"covered_lines": 4, "num_statements": 4, "percent_covered": 100.0, "percent_covered_display": "100.00", "missing_lines": 0, "excluded_lines": 0, "percent_statements_covered": 100.0, "percent_statements_covered_display": "100.00", "num_branches": 0, "num_partial_branches": 0, "covered_branches": 0, "missing_branches": 0, "percent_branches_covered": 100.0, "percent_branches_covered_display": "100.00"}, "missing_lines": [], "excluded_lines": [], "start_line": 126, "executed_branches": [], "missing_branches": []}, "ErrorTracker.__init__": {"executed_lines": [146, 147, 148, 151, 154, 155], "summary": {"covered_lines": 6, "num_statements": 6, "percent_covered": 100.0, "percent_covered_display": "100.00", "missing_lines": 0, "excluded_lines": 0, "percent_statements_covered": 100.0, "percent_statements_covered_display": "100.00", "num_branches": 0, "num_partial_branches": 0, "covered_branches": 0, "missing_branches": 0, "percent_branches_covered": 100.0, "percent_branches_covered_display": "100.00"}, "missing_lines": [], "excluded_lines": [], "start_line": 145, "executed_branches": [], "missing_branches": []}, "ErrorTracker.log": {"executed_lines": [159, 160], "summary": {"covered_lines": 2, "num_statements": 2, "percent_covered": 100.0, "percent_covered_display": "100.00", "missing_lines": 0, "excluded_lines": 0, "percent_statements_covered": 100.0, "percent_statements_covered_display": "100.00", "num_branches": 2, "num_partial_branches": 0, "covered_branches": 2, "missing_branches": 0, "percent_branches_covered": 100.0, "percent_branches_covered_display": "100.00"}, "missing_lines": [], "excluded_lines": [], "start_line": 157, "executed_branches": [[159, -157], [159, 160]], "missing_branches": []}, "ErrorTracker._load_errors": {"executed_lines": [164, 165, 167, 168, 169, 170, 172, 173, 175, 176, 177, 178, 180, 181, 182, 183, 184, 187, 188, 189, 190, 191, 196, 197, 198, 199, 204], "summary": {"covered_lines": 27, "num_statements": 33, "percent_covered": 86.66666666666667, "percent_covered_display": "86.67", "missing_lines": 6, "excluded_lines": 0, "percent_statements_covered": 81.81818181818181, "percent_statements_covered_display": "81.82", "num_branches": 12, "num_partial_branches": 0, "covered_branches": 12, "missing_branches": 0, "percent_branches_covered": 100.0, "percent_branches_covered_display": "100.00"}, "missing_lines": [192, 193, 194, 200, 201, 202], "excluded_lines": [], "start_line": 162, "executed_branches": [[164, 165], [164, 204], [167, 168], [167, 172], [175, 176], [175, 180], [181, 182], [181, 187], [188, 189], [188, 196], [190, 188], [190, 191]], "missing_branches": []}, "ErrorTracker._save_errors": {"executed_lines": [208, 209, 211, 212, 219, 220], "summary": {"covered_lines": 6, "num_statements": 13, "percent_covered": 40.0, "percent_covered_display": "40.00", "missing_lines": 7, "excluded_lines": 0, "percent_statements_covered": 46.15384615384615, "percent_statements_covered_display": "46.15", "num_branches": 2, "num_partial_branches": 0, "covered_branches": 0, "missing_branches": 2, "percent_branches_covered": 0.0, "percent_branches_covered_display": "0.00"}, "missing_lines": [221, 222, 224, 225, 226, 227, 228], "excluded_lines": [], "start_line": 206, "executed_branches": [], "missing_branches": [[224, -206], [224, 225]]}, "ErrorTracker._load_patterns": {"executed_lines": [232, 233, 235, 236, 237, 238, 240, 241, 243, 244, 245, 246, 248, 249, 250, 251, 252, 257], "summary": {"covered_lines": 18, "num_statements": 21, "percent_covered": 88.88888888888889, "percent_covered_display": "88.89", "missing_lines": 3, "excluded_lines": 0, "percent_statements_covered": 85.71428571428571, "percent_statements_covered_display": "85.71", "num_branches": 6, "num_partial_branches": 0, "covered_branches": 6, "missing_branches": 0, "percent_branches_covered": 100.0, "percent_branches_covered_display": "100.00"}, "missing_lines": [253, 254, 255], "excluded_lines": [], "start_line": 230, "executed_branches": [[232, 233], [232, 257], [235, 236], [235, 240], [243, 244], [243, 248]], "missing_branches": []}, "ErrorTracker._save_patterns": {"executed_lines": [261, 262, 264, 265, 268, 269], "summary": {"covered_lines": 6, "num_statements": 13, "percent_covered": 40.0, "percent_covered_display": "40.00", "missing_lines": 7, "excluded_lines": 0, "percent_statements_covered": 46.15384615384615, "percent_statements_covered_display": "46.15", "num_branches": 2, "num_partial_branches": 0, "covered_branches": 0, "missing_branches": 2, "percent_branches_covered": 0.0, "percent_branches_covered_display": "0.00"}, "missing_lines": [270, 271, 273, 274, 275, 276, 277], "excluded_lines": [], "start_line": 259, "executed_branches": [], "missing_branches": [[273, -259], [273, 274]]}, "ErrorTracker._detect_category": {"executed_lines": [281, 283, 284, 285, 286, 288], "summary": {"covered_lines": 6, "num_statements": 6, "percent_covered": 100.0, "percent_covered_display": "100.00", "missing_lines": 0, "excluded_lines": 0, "percent_statements_covered": 100.0, "percent_statements_covered_display": "100.00", "num_branches": 6, "num_partial_branches": 0, "covered_branches": 6, "missing_branches": 0, "percent_branches_covered": 100.0, "percent_branches_covered_display": "100.00"}, "missing_lines": [], "excluded_lines": [], "start_line": 279, "executed_branches": [[283, 284], [283, 288], [284, 283], [284, 285], [285, 284], [285, 286]], "missing_branches": []}, "ErrorTracker._detect_severity": {"executed_lines": [292, 295, 296, 299, 300, 303, 304, 307, 308, 310], "summary": {"covered_lines": 10, "num_statements": 10, "percent_covered": 100.0, "percent_covered_display": "100.00", "missing_lines": 0, "excluded_lines": 0, "percent_statements_covered": 100.0, "percent_statements_covered_display": "100.00", "num_branches": 8, "num_partial_branches": 0, "covered_branches": 8, "missing_branches": 0, "percent_branches_covered": 100.0, "percent_branches_covered_display": "100.00"}, "missing_lines": [], "excluded_lines": [], "start_line": 290, "executed_branches": [[295, 296], [295, 299], [299, 300], [299, 303], [303, 304], [303, 307], [307, 308], [307, 310]], "missing_branches": []}, "ErrorTracker.add_error": {"executed_lines": [324, 325, 326, 327, 330, 331, 332, 333, 336, 337, 340, 341, 343, 344, 346, 356, 359, 360, 361, 363, 366, 368, 369], "summary": {"covered_lines": 23, "num_statements": 23, "percent_covered": 100.0, "percent_covered_display": "100.00", "missing_lines": 0, "excluded_lines": 0, "percent_statements_covered": 100.0, "percent_statements_covered_display": "100.00", "num_branches": 12, "num_partial_branches": 0, "covered_branches": 12, "missing_branches": 0, "percent_branches_covered": 100.0, "percent_branches_covered_display": "100.00"}, "missing_lines": [], "excluded_lines": [], "start_line": 312, "executed_branches": [[324, 325], [324, 326], [326, 327], [326, 330], [336, 337], [336, 340], [340, 341], [340, 343], [343, 344], [343, 346], [359, 360], [359, 363]], "missing_branches": []}, "ErrorTracker._update_pattern": {"executed_lines": [373, 375, 376, 389, 390, 391, 392, 398, 400, 403, 404], "summary": {"covered_lines": 11, "num_statements": 11, "percent_covered": 100.0, "percent_covered_display": "100.00", "missing_lines": 0, "excluded_lines": 0, "percent_statements_covered": 100.0, "percent_statements_covered_display": "100.00", "num_branches": 4, "num_partial_branches": 0, "covered_branches": 4, "missing_branches": 0, "percent_branches_covered": 100.0, "percent_branches_covered_display": "100.00"}, "missing_lines": [], "excluded_lines": [], "start_line": 371, "executed_branches": [[375, 376], [375, 389], [403, -371], [403, 404]], "missing_branches": []}, "ErrorTracker.analyze_patterns": {"executed_lines": [408, 416, 417, 419, 420, 426, 427, 430, 434, 435, 438, 439, 442, 445, 448, 449, 451], "summary": {"covered_lines": 17, "num_statements": 17, "percent_covered": 100.0, "percent_covered_display": "100.00", "missing_lines": 0, "excluded_lines": 0, "percent_statements_covered": 100.0, "percent_statements_covered_display": "100.00", "num_branches": 10, "num_partial_branches": 0, "covered_branches": 10, "missing_branches": 0, "percent_branches_covered": 100.0, "percent_branches_covered_display": "100.00"}, "missing_lines": [], "excluded_lines": [], "start_line": 406, "executed_branches": [[419, 420], [419, 448], [426, 427], [426, 430], [434, 435], [434, 438], [438, 439], [438, 442], [448, 449], [448, 451]], "missing_branches": []}, "ErrorTracker.generate_lessons": {"executed_lines": [455, 457, 459, 460, 461, 462, 465, 466, 467, 469, 470, 472, 473, 474, 476], "summary": {"covered_lines": 15, "num_statements": 15, "percent_covered": 96.29629629629629, "percent_covered_display": "96.30", "missing_lines": 0, "excluded_lines": 0, "percent_statements_covered": 100.0, "percent_statements_covered_display": "100.00", "num_branches": 12, "num_partial_branches": 1, "covered_branches": 11, "missing_branches": 1, "percent_branches_covered": 91.66666666666667, "percent_branches_covered_display": "91.67"}, "missing_lines": [], "excluded_lines": [], "start_line": 453, "executed_branches": [[457, 459], [457, 472], [459, 460], [459, 461], [461, 462], [461, 465], [466, 467], [469, 457], [469, 470], [472, 473], [472, 476]], "missing_branches": [[466, 457]]}, "ErrorTracker._create_lesson_from_pattern": {"executed_lines": [480, 481, 482, 483, 485, 497, 498, 499, 500, 501, 502, 503, 504, 505, 507, 508, 509, 511, 512, 513, 514, 516, 517, 518, 519, 521, 522, 523, 524, 526, 527, 528, 529, 531, 532, 533, 534, 537, 538, 539, 541], "summary": {"covered_lines": 41, "num_statements": 41, "percent_covered": 100.0, "percent_covered_display": "100.00", "missing_lines": 0, "excluded_lines": 0, "percent_statements_covered": 100.0, "percent_statements_covered_display": "100.00", "num_branches": 16, "num_partial_branches": 0, "covered_branches": 16, "missing_branches": 0, "percent_branches_covered": 100.0, "percent_branches_covered_display": "100.00"}, "missing_lines": [], "excluded_lines": [], "start_line": 478, "executed_branches": [[497, 498], [497, 511], [498, 499], [498, 502], [502, 503], [502, 507], [511, 512], [511, 516], [516, 517], [516, 521], [521, 522], [521, 526], [526, 527], [526, 531], [531, 532], [531, 537]], "missing_branches": []}, "ErrorTracker._append_lessons_to_file": {"executed_lines": [545, 549, 550, 551, 552, 553, 558, 559, 561, 562, 565, 566, 571, 573, 574, 575, 576, 577, 578, 580, 581, 582, 583, 584, 586, 589, 590, 593, 595], "summary": {"covered_lines": 29, "num_statements": 40, "percent_covered": 70.83333333333333, "percent_covered_display": "70.83", "missing_lines": 11, "excluded_lines": 0, "percent_statements_covered": 72.5, "percent_statements_covered_display": "72.50", "num_branches": 8, "num_partial_branches": 1, "covered_branches": 5, "missing_branches": 3, "percent_branches_covered": 62.5, "percent_branches_covered_display": "62.50"}, "missing_lines": [546, 554, 555, 556, 597, 598, 600, 601, 602, 603, 604], "excluded_lines": [], "start_line": 543, "executed_branches": [[545, 549], [549, 550], [549, 558], [571, 573], [571, 586]], "missing_branches": [[545, 546], [600, -543], [600, 601]]}, "ErrorTracker.get_stats": {"executed_lines": [608, 609, 610, 612, 624, 625, 626, 627, 628, 629, 630, 631, 632, 634, 635, 636, 638, 639, 640, 641, 642, 644], "summary": {"covered_lines": 22, "num_statements": 22, "percent_covered": 94.11764705882354, "percent_covered_display": "94.12", "missing_lines": 0, "excluded_lines": 0, "percent_statements_covered": 100.0, "percent_statements_covered_display": "100.00", "num_branches": 12, "num_partial_branches": 2, "covered_branches": 10, "missing_branches": 2, "percent_branches_covered": 83.33333333333333, "percent_branches_covered_display": "83.33"}, "missing_lines": [], "excluded_lines": [], "start_line": 606, "executed_branches": [[624, 625], [624, 638], [627, 628], [629, 630], [638, 639], [638, 644], [639, 640], [639, 641], [641, 638], [641, 642]], "missing_branches": [[627, 629], [629, 634]]}, "ErrorTracker.print_stats": {"executed_lines": [648, 650, 651, 652, 653, 654, 655, 656, 657, 658, 660, 667, 672, 677], "summary": {"covered_lines": 14, "num_statements": 25, "percent_covered": 43.58974358974359, "percent_covered_display": "43.59", "missing_lines": 11, "excluded_lines": 0, "percent_statements_covered": 56.0, "percent_statements_covered_display": "56.00", "num_branches": 14, "num_partial_branches": 3, "covered_branches": 3, "missing_branches": 11, "percent_branches_covered": 21.428571428571427, "percent_branches_covered_display": "21.43"}, "missing_lines": [661, 662, 663, 664, 665, 668, 669, 670, 673, 674, 675], "excluded_lines": [], "start_line": 646, "executed_branches": [[660, 667], [667, 672], [672, 677]], "missing_branches": [[660, 661], [662, 663], [662, 667], [664, 662], [664, 665], [667, 668], [669, 670], [669, 672], [672, 673], [674, 675], [674, 677]]}, "ErrorTracker.print_analysis": {"executed_lines": [681, 683, 684, 685, 687, 692, 697, 702, 703, 707], "summary": {"covered_lines": 10, "num_statements": 21, "percent_covered": 40.0, "percent_covered_display": "40.00", "missing_lines": 11, "excluded_lines": 0, "percent_statements_covered": 47.61904761904762, "percent_statements_covered_display": "47.62", "num_branches": 14, "num_partial_branches": 4, "covered_branches": 4, "missing_branches": 10, "percent_branches_covered": 28.571428571428573, "percent_branches_covered_display": "28.57"}, "missing_lines": [688, 689, 690, 693, 694, 695, 698, 699, 700, 704, 705], "excluded_lines": [], "start_line": 679, "executed_branches": [[687, 692], [692, 697], [697, 702], [703, 707]], "missing_branches": [[687, 688], [689, 690], [689, 692], [692, 693], [694, 695], [694, 697], [697, 698], [699, 700], [699, 702], [703, 704]]}, "main": {"executed_lines": [], "summary": {"covered_lines": 0, "num_statements": 53, "percent_covered": 0.0, "percent_covered_display": "0.00", "missing_lines": 53, "excluded_lines": 0, "percent_statements_covered": 0.0, "percent_statements_covered_display": "0.00", "num_branches": 20, "num_partial_branches": 0, "covered_branches": 0, "missing_branches": 20, "percent_branches_covered": 0.0, "percent_branches_covered_display": "0.00"}, "missing_lines": [711, 716, 719, 720, 721, 722, 723, 724, 725, 728, 731, 732, 733, 736, 739, 740, 743, 745, 747, 749, 750, 759, 760, 762, 763, 767, 768, 769, 770, 772, 774, 775, 777, 778, 779, 780, 781, 783, 784, 785, 786, 787, 789, 790, 792, 793, 795, 796, 797, 798, 801, 802, 804], "excluded_lines": [], "start_line": 710, "executed_branches": [], "missing_branches": [[749, 750], [749, 759], [759, 760], [759, 762], [762, 763], [762, 774], [767, 768], [767, 772], [769, 770], [769, 804], [774, 775], [774, 777], [777, 778], [777, 801], [783, 784], [783, 792], [785, 783], [785, 786], [797, 798], [797, 804]]}, "": {"executed_lines": [29, 30, 31, 32, 33, 34, 35, 36, 37, 38, 41, 42, 43, 44, 45, 46, 49, 59, 67, 70, 92, 98, 111, 125, 126, 142, 145, 157, 162, 206, 230, 259, 279, 290, 312, 371, 406, 453, 478, 543, 606, 646, 679, 710], "summary": {"covered_lines": 44, "num_statements": 44, "percent_covered": 100.0, "percent_covered_display": "100.00", "missing_lines": 0, "excluded_lines": 2, "percent_statements_covered": 100.0, "percent_statements_covered_display": "100.00", "num_branches": 0, "num_partial_branches": 0, "covered_branches": 0, "missing_branches": 0, "percent_branches_covered": 100.0, "percent_branches_covered_display": "100.00"}, "missing_lines": [], "excluded_lines": [807, 808], "start_line": 1, "executed_branches": [], "missing_branches": []}}, "classes": {"ErrorEntry": {"executed_lines": [80, 81, 82, 83, 84, 85, 86, 87, 90, 95, 96, 100, 102, 104, 106, 108, 109, 113, 128, 137, 138, 139], "summary": {"covered_lines": 22, "num_statements": 22, "percent_covered": 100.0, "percent_covered_display": "100.00", "missing_lines": 0, "excluded_lines": 0, "percent_statements_covered": 100.0, "percent_statements_covered_display": "100.00", "num_branches": 0, "num_partial_branches": 0, "covered_branches": 0, "missing_branches": 0, "percent_branches_covered": 100.0, "percent_branches_covered_display": "100.00"}, "missing_lines": [], "excluded_lines": [], "start_line": 67, "executed_branches": [], "missing_branches": []}, "ErrorTracker": {"executed_lines": [146, 147, 148, 151, 154, 155, 159, 160, 164, 165, 167, 168, 169, 170, 172, 173, 175, 176, 177, 178, 180, 181, 182, 183, 184, 187, 188, 189, 190, 191, 196, 197, 198, 199, 204, 208, 209, 211, 212, 219, 220, 232, 233, 235, 236, 237, 238, 240, 241, 243, 244, 245, 246, 248, 249, 250, 251, 252, 257, 261, 262, 264, 265, 268, 269, 281, 283, 284, 285, 286, 288, 292, 295, 296, 299, 300, 303, 304, 307, 308, 310, 324, 325, 326, 327, 330, 331, 332, 333, 336, 337, 340, 341, 343, 344, 346, 356, 359, 360, 361, 363, 366, 368, 369, 373, 375, 376, 389, 390, 391, 392, 398, 400, 403, 404, 408, 416, 417, 419, 420, 426, 427, 430, 434, 435, 438, 439, 442, 445, 448, 449, 451, 455, 457, 459, 460, 461, 462, 465, 466, 467, 469, 470, 472, 473, 474, 476, 480, 481, 482, 483, 485, 497, 498, 499, 500, 501, 502, 503, 504, 505, 507, 508, 509, 511, 512, 513, 514, 516, 517, 518, 519, 521, 522, 523, 524, 526, 527, 528, 529, 531, 532, 533, 534, 537, 538, 539, 541, 545, 549, 550, 551, 552, 553, 558, 559, 561, 562, 565, 566, 571, 573, 574, 575, 576, 577, 578, 580, 581, 582, 583, 584, 586, 589, 590, 593, 595, 608, 609, 610, 612, 624, 625, 626, 627, 628, 629, 630, 631, 632, 634, 635, 636, 638, 639, 640, 641, 642, 644, 648, 650, 651, 652, 653, 654, 655, 656, 657, 658, 660, 667, 672, 677, 681, 683, 684, 685, 687, 692, 697, 702, 703, 707], "summary": {"covered_lines": 263, "num_statements": 319, "percent_covered": 81.04575163398692, "percent_covered_display": "81.05", "missing_lines": 56, "excluded_lines": 0, "percent_statements_covered": 82.44514106583073, "percent_statements_covered_display": "82.45", "num_branches": 140, "num_partial_branches": 11, "covered_branches": 109, "missing_branches": 31, "percent_branches_covered": 77.85714285714286, "percent_branches_covered_display": "77.86"}, "missing_lines": [192, 193, 194, 200, 201, 202, 221, 222, 224, 225, 226, 227, 228, 253, 254, 255, 270, 271, 273, 274, 275, 276, 277, 546, 554, 555, 556, 597, 598, 600, 601, 602, 603, 604, 661, 662, 663, 664, 665, 668, 669, 670, 673, 674, 675, 688, 689, 690, 693, 694, 695, 698, 699, 700, 704, 705], "excluded_lines": [], "start_line": 142, "executed_branches": [[159, -157], [159, 160], [164, 165], [164, 204], [167, 168], [167, 172], [175, 176], [175, 180], [181, 182], [181, 187], [188, 189], [188, 196], [190, 188], [190, 191], [232, 233], [232, 257], [235, 236], [235, 240], [243, 244], [243, 248], [283, 284], [283, 288], [284, 283], [284, 285], [285, 284], [285, 286], [295, 296], [295, 299], [299, 300], [299, 303], [303, 304], [303, 307], [307, 308], [307, 310], [324, 325], [324, 326], [326, 327], [326, 330], [336, 337], [336, 340], [340, 341], [340, 343], [343, 344], [343, 346], [359, 360], [359, 363], [375, 376], [375, 389], [403, -371], [403, 404], [419, 420], [419, 448], [426, 427], [426, 430], [434, 435], [434, 438], [438, 439], [438, 442], [448, 449], [448, 451], [457, 459], [457, 472], [459, 460], [459, 461], [461, 462], [461, 465], [466, 467], [469, 457], [469, 470], [472, 473], [472, 476], [497, 498], [497, 511], [498, 499], [498, 502], [502, 503], [502, 507], [511, 512], [511, 516], [516, 517], [516, 521], [521, 522], [521, 526], [526, 527], [526, 531], [531, 532], [531, 537], [545, 549], [549, 550], [549, 558], [571, 573], [571, 586], [624, 625], [624, 638], [627, 628], [629, 630], [638, 639], [638, 644], [639, 640], [639, 641], [641, 638], [641, 642], [660, 667], [667, 672], [672, 677], [687, 692], [692, 697], [697, 702], [703, 707]], "missing_branches": [[224, -206], [224, 225], [273, -259], [273, 274], [466, 457], [545, 546], [600, -543], [600, 601], [627, 629], [629, 634], [660, 661], [662, 663], [662, 667], [664, 662], [664, 665], [667, 668], [669, 670], [669, 672], [672, 673], [674, 675], [674, 677], [687, 688], [689, 690], [689, 692], [692, 693], [694, 695], [694, 697], [697, 698], [699, 700], [699, 702], [703, 704]]}, "": {"executed_lines": [29, 30, 31, 32, 33, 34, 35, 36, 37, 38, 41, 42, 43, 44, 45, 46, 49, 59, 67, 70, 92, 98, 111, 125, 126, 142, 145, 157, 162, 206, 230, 259, 279, 290, 312, 371, 406, 453, 478, 543, 606, 646, 679, 710], "summary": {"covered_lines": 44, "num_statements": 97, "percent_covered": 37.60683760683761, "percent_covered_display": "37.61", "missing_lines": 53, "excluded_lines": 2, "percent_statements_covered": 45.36082474226804, "percent_statements_covered_display": "45.36", "num_branches": 20, "num_partial_branches": 0, "covered_branches": 0, "missing_branches": 20, "percent_branches_covered": 0.0, "percent_branches_covered_display": "0.00"}, "missing_lines": [711, 716, 719, 720, 721, 722, 723, 724, 725, 728, 731, 732, 733, 736, 739, 740, 743, 745, 747, 749, 750, 759, 760, 762, 763, 767, 768, 769, 770, 772, 774, 775, 777, 778, 779, 780, 781, 783, 784, 785, 786, 787, 789, 790, 792, 793, 795, 796, 797, 798, 801, 802, 804], "excluded_lines": [807, 808], "start_line": 1, "executed_branches": [], "missing_branches": [[749, 750], [749, 759], [759, 760], [759, 762], [762, 763], [762, 774], [767, 768], [767, 772], [769, 770], [769, 804], [774, 775], [774, 777], [777, 778], [777, 801], [783, 784], [783, 792], [785, 783], [785, 786], [797, 798], [797, 804]]}}}, "scripts\\ingest_feedback.py": {"executed_lines": [14, 15, 16, 17, 18, 19, 20, 23, 26, 64, 65, 66, 67, 68, 69, 72, 73, 75, 77, 79, 80, 81, 82, 85, 86, 88, 89, 90, 92, 93, 95, 97, 99, 102, 103, 104, 105, 108, 109, 110, 113, 114, 115, 116, 117, 120, 121, 122, 124, 126, 128, 129, 131, 138, 140, 142, 143, 146, 147, 150, 152, 154, 156, 157, 159, 160, 161, 162, 163, 166, 167, 168, 169, 170, 171, 174, 175, 176, 177, 178, 179, 180, 181, 182, 185, 186, 187, 189, 190, 191, 192, 194, 195, 196, 197, 199, 200, 202, 204, 205, 206, 207, 208, 209, 210, 212, 214, 216, 218, 220, 221, 222, 224, 225, 227, 228, 230, 231, 232, 235, 237, 238, 239, 240, 241, 242, 244, 246, 247, 248, 251, 252, 253, 254, 257, 258, 260, 261, 264, 265, 266, 269, 270, 271, 272, 274, 275, 277, 278, 281, 282, 285, 290, 295, 301, 303, 304], "summary": {"covered_lines": 157, "num_statements": 157, "percent_covered": 100.0, "percent_covered_display": "100.00", "missing_lines": 0, "excluded_lines": 2, "percent_statements_covered": 100.0, "percent_statements_covered_display": "100.00", "num_branches": 52, "num_partial_branches": 0, "covered_branches": 52, "missing_branches": 0, "percent_branches_covered": 100.0, "percent_branches_covered_display": "100.00"}, "missing_lines": [], "excluded_lines": [307, 308], "executed_branches": [[72, -64], [72, 73], [79, 80], [79, 95], [85, 86], [85, 88], [103, 104], [103, 108], [104, 103], [104, 105], [108, 109], [108, 113], [113, 114], [113, 120], [114, 115], [114, 116], [116, 117], [116, 120], [120, 121], [120, 124], [121, 122], [121, 124], [156, 157], [156, 159], [167, 168], [167, 174], [169, 170], [169, 171], [177, 178], [177, 180], [185, 186], [185, 204], [189, 185], [189, 190], [194, 195], [194, 199], [199, 200], [199, 202], [220, 221], [220, 224], [230, 231], [230, 264], [237, 238], [237, 244], [239, 240], [239, 241], [246, 247], [246, 251], [274, 275], [274, 277], [277, -214], [277, 278]], "missing_branches": [], "functions": {"FeedbackIngestor.__init__": {"executed_lines": [65, 66, 67, 68, 69, 72, 73], "summary": {"covered_lines": 7, "num_statements": 7, "percent_covered": 100.0, "percent_covered_display": "100.00", "missing_lines": 0, "excluded_lines": 0, "percent_statements_covered": 100.0, "percent_statements_covered_display": "100.00", "num_branches": 2, "num_partial_branches": 0, "covered_branches": 2, "missing_branches": 0, "percent_branches_covered": 100.0, "percent_branches_covered_display": "100.00"}, "missing_lines": [], "excluded_lines": [], "start_line": 64, "executed_branches": [[72, -64], [72, 73]], "missing_branches": []}, "FeedbackIngestor.scan_submitted_feedback": {"executed_lines": [77, 79, 80, 81, 82, 85, 86, 88, 89, 90, 92, 93, 95], "summary": {"covered_lines": 13, "num_statements": 13, "percent_covered": 100.0, "percent_covered_display": "100.00", "missing_lines": 0, "excluded_lines": 0, "percent_statements_covered": 100.0, "percent_statements_covered_display": "100.00", "num_branches": 4, "num_partial_branches": 0, "covered_branches": 4, "missing_branches": 0, "percent_branches_covered": 100.0, "percent_branches_covered_display": "100.00"}, "missing_lines": [], "excluded_lines": [], "start_line": 75, "executed_branches": [[79, 80], [79, 95], [85, 86], [85, 88]], "missing_branches": []}, "FeedbackIngestor.validate_feedback": {"executed_lines": [99, 102, 103, 104, 105, 108, 109, 110, 113, 114, 115, 116, 117, 120, 121, 122, 124], "summary": {"covered_lines": 17, "num_statements": 17, "percent_covered": 100.0, "percent_covered_display": "100.00", "missing_lines": 0, "excluded_lines": 0, "percent_statements_covered": 100.0, "percent_statements_covered_display": "100.00", "num_branches": 16, "num_partial_branches": 0, "covered_branches": 16, "missing_branches": 0, "percent_branches_covered": 100.0, "percent_branches_covered_display": "100.00"}, "missing_lines": [], "excluded_lines": [], "start_line": 97, "executed_branches": [[103, 104], [103, 108], [104, 103], [104, 105], [108, 109], [108, 113], [113, 114], [113, 120], [114, 115], [114, 116], [116, 117], [116, 120], [120, 121], [120, 124], [121, 122], [121, 124]], "missing_branches": []}, "FeedbackIngestor.categorize_feedback": {"executed_lines": [128, 129, 131, 138], "summary": {"covered_lines": 4, "num_statements": 4, "percent_covered": 100.0, "percent_covered_display": "100.00", "missing_lines": 0, "excluded_lines": 0, "percent_statements_covered": 100.0, "percent_statements_covered_display": "100.00", "num_branches": 0, "num_partial_branches": 0, "covered_branches": 0, "missing_branches": 0, "percent_branches_covered": 100.0, "percent_branches_covered_display": "100.00"}, "missing_lines": [], "excluded_lines": [], "start_line": 126, "executed_branches": [], "missing_branches": []}, "FeedbackIngestor.move_to_validated": {"executed_lines": [142, 143, 146, 147, 150, 152], "summary": {"covered_lines": 6, "num_statements": 6, "percent_covered": 100.0, "percent_covered_display": "100.00", "missing_lines": 0, "excluded_lines": 0, "percent_statements_covered": 100.0, "percent_statements_covered_display": "100.00", "num_branches": 0, "num_partial_branches": 0, "covered_branches": 0, "missing_branches": 0, "percent_branches_covered": 100.0, "percent_branches_covered_display": "100.00"}, "missing_lines": [], "excluded_lines": [], "start_line": 140, "executed_branches": [], "missing_branches": []}, "FeedbackIngestor.generate_report": {"executed_lines": [156, 157, 159, 160, 161, 162, 163, 166, 167, 168, 169, 170, 171, 174, 175, 176, 177, 178, 179, 180, 181, 182, 185, 186, 187, 189, 190, 191, 192, 194, 195, 196, 197, 199, 200, 202, 204, 205, 206, 207, 208, 209, 210, 212], "summary": {"covered_lines": 44, "num_statements": 44, "percent_covered": 100.0, "percent_covered_display": "100.00", "missing_lines": 0, "excluded_lines": 0, "percent_statements_covered": 100.0, "percent_statements_covered_display": "100.00", "num_branches": 16, "num_partial_branches": 0, "covered_branches": 16, "missing_branches": 0, "percent_branches_covered": 100.0, "percent_branches_covered_display": "100.00"}, "missing_lines": [], "excluded_lines": [], "start_line": 154, "executed_branches": [[156, 157], [156, 159], [167, 168], [167, 174], [169, 170], [169, 171], [177, 178], [177, 180], [185, 186], [185, 204], [189, 185], [189, 190], [194, 195], [194, 199], [199, 200], [199, 202]], "missing_branches": []}, "FeedbackIngestor.process_all": {"executed_lines": [216, 218, 220, 221, 222, 224, 225, 227, 228, 230, 231, 232, 235, 237, 238, 239, 240, 241, 242, 244, 246, 247, 248, 251, 252, 253, 254, 257, 258, 260, 261, 264, 265, 266, 269, 270, 271, 272, 274, 275, 277, 278], "summary": {"covered_lines": 42, "num_statements": 42, "percent_covered": 100.0, "percent_covered_display": "100.00", "missing_lines": 0, "excluded_lines": 0, "percent_statements_covered": 100.0, "percent_statements_covered_display": "100.00", "num_branches": 14, "num_partial_branches": 0, "covered_branches": 14, "missing_branches": 0, "percent_branches_covered": 100.0, "percent_branches_covered_display": "100.00"}, "missing_lines": [], "excluded_lines": [], "start_line": 214, "executed_branches": [[220, 221], [220, 224], [230, 231], [230, 264], [237, 238], [237, 244], [239, 240], [239, 241], [246, 247], [246, 251], [274, 275], [274, 277], [277, -214], [277, 278]], "missing_branches": []}, "main": {"executed_lines": [282, 285, 290, 295, 301, 303, 304], "summary": {"covered_lines": 7, "num_statements": 7, "percent_covered": 100.0, "percent_covered_display": "100.00", "missing_lines": 0, "excluded_lines": 0, "percent_statements_covered": 100.0, "percent_statements_covered_display": "100.00", "num_branches": 0, "num_partial_branches": 0, "covered_branches": 0, "missing_branches": 0, "percent_branches_covered": 100.0, "percent_branches_covered_display": "100.00"}, "missing_lines": [], "excluded_lines": [], "start_line": 281, "executed_branches": [], "missing_branches": []}, "": {"executed_lines": [14, 15, 16, 17, 18, 19, 20, 23, 26, 64, 75, 97, 126, 140, 154, 214, 281], "summary": {"covered_lines": 17, "num_statements": 17, "percent_covered": 100.0, "percent_covered_display": "100.00", "missing_lines": 0, "excluded_lines": 2, "percent_statements_covered": 100.0, "percent_statements_covered_display": "100.00", "num_branches": 0, "num_partial_branches": 0, "covered_branches": 0, "missing_branches": 0, "percent_branches_covered": 100.0, "percent_branches_covered_display": "100.00"}, "missing_lines": [], "excluded_lines": [307, 308], "start_line": 1, "executed_branches": [], "missing_branches": []}}, "classes": {"FeedbackIngestor": {"executed_lines": [65, 66, 67, 68, 69, 72, 73, 77, 79, 80, 81, 82, 85, 86, 88, 89, 90, 92, 93, 95, 99, 102, 103, 104, 105, 108, 109, 110, 113, 114, 115, 116, 117, 120, 121, 122, 124, 128, 129, 131, 138, 142, 143, 146, 147, 150, 152, 156, 157, 159, 160, 161, 162, 163, 166, 167, 168, 169, 170, 171, 174, 175, 176, 177, 178, 179, 180, 181, 182, 185, 186, 187, 189, 190, 191, 192, 194, 195, 196, 197, 199, 200, 202, 204, 205, 206, 207, 208, 209, 210, 212, 216, 218, 220, 221, 222, 224, 225, 227, 228, 230, 231, 232, 235, 237, 238, 239, 240, 241, 242, 244, 246, 247, 248, 251, 252, 253, 254, 257, 258, 260, 261, 264, 265, 266, 269, 270, 271, 272, 274, 275, 277, 278], "summary": {"covered_lines": 133, "num_statements": 133, "percent_covered": 100.0, "percent_covered_display": "100.00", "missing_lines": 0, "excluded_lines": 0, "percent_statements_covered": 100.0, "percent_statements_covered_display": "100.00", "num_branches": 52, "num_partial_branches": 0, "covered_branches": 52, "missing_branches": 0, "percent_branches_covered": 100.0, "percent_branches_covered_display": "100.00"}, "missing_lines": [], "excluded_lines": [], "start_line": 23, "executed_branches": [[72, -64], [72, 73], [79, 80], [79, 95], [85, 86], [85, 88], [103, 104], [103, 108], [104, 103], [104, 105], [108, 109], [108, 113], [113, 114], [113, 120], [114, 115], [114, 116], [116, 117], [116, 120], [120, 121], [120, 124], [121, 122], [121, 124], [156, 157], [156, 159], [167, 168], [167, 174], [169, 170], [169, 171], [177, 178], [177, 180], [185, 186], [185, 204], [189, 185], [189, 190], [194, 195], [194, 199], [199, 200], [199, 202], [220, 221], [220, 224], [230, 231], [230, 264], [237, 238], [237, 244], [239, 240], [239, 241], [246, 247], [246, 251], [274, 275], [274, 277], [277, -214], [277, 278]], "missing_branches": []}, "": {"executed_lines": [14, 15, 16, 17, 18, 19, 20, 23, 26, 64, 75, 97, 126, 140, 154, 214, 281, 282, 285, 290, 295, 301, 303, 304], "summary": {"covered_lines": 24, "num_statements": 24, "percent_covered": 100.0, "percent_covered_display": "100.00", "missing_lines": 0, "excluded_lines": 2, "percent_statements_covered": 100.0, "percent_statements_covered_display": "100.00", "num_branches": 0, "num_partial_branches": 0, "covered_branches": 0, "missing_branches": 0, "percent_branches_covered": 100.0, "percent_branches_covered_display": "100.00"}, "missing_lines": [], "excluded_lines": [307, 308], "start_line": 1, "executed_branches": [], "missing_branches": []}}}, "scripts\\pattern_analyzer.py": {"executed_lines": [16, 17, 18, 19, 20, 21, 22, 25, 29, 30, 33, 44, 45, 46, 47, 48, 49, 50, 52, 54, 56, 57, 59, 60, 61, 63, 64, 65, 66, 67, 68, 69, 70, 72, 74, 76, 78, 79, 80, 82, 84, 86, 88, 89, 90, 91, 93, 94, 96, 104, 106, 108, 110, 111, 112, 113, 115, 116, 118, 126, 128, 130, 132, 133, 134, 135, 136, 143, 145, 147, 149, 151, 153, 154, 155, 162, 164, 166, 167, 168, 169, 170, 173, 174, 176, 177, 178, 186, 187, 188, 189, 192, 193, 194, 201, 208, 210, 213, 214, 215, 216, 217, 219, 221, 224, 226, 228, 230, 231, 239, 241, 242, 244, 246, 247, 249, 256, 258, 260, 262, 269, 271, 273, 275, 276, 279, 286, 288, 296, 298, 300, 302, 304, 354, 356, 358, 359, 360, 362, 364, 365, 367, 385, 386, 387, 389, 390, 392, 394, 425, 427, 428, 429, 431, 432, 433, 434, 436, 437, 438, 439, 440, 441, 443, 460, 462, 464, 466, 467, 468, 470, 471, 472, 474, 475, 481, 482, 483, 484, 485, 486, 488, 490, 510, 511, 512, 513, 514, 515, 516, 518, 520, 522, 527, 542, 563, 564, 565], "summary": {"covered_lines": 198, "num_statements": 256, "percent_covered": 77.74566473988439, "percent_covered_display": "77.75", "missing_lines": 58, "excluded_lines": 2, "percent_statements_covered": 77.34375, "percent_statements_covered_display": "77.34", "num_branches": 90, "num_partial_branches": 9, "covered_branches": 71, "missing_branches": 19, "percent_branches_covered": 78.88888888888889, "percent_branches_covered_display": "78.89"}, "missing_lines": [222, 396, 399, 400, 401, 403, 404, 405, 406, 407, 408, 409, 410, 415, 416, 417, 418, 423, 444, 445, 446, 452, 453, 454, 455, 456, 457, 458, 492, 501, 502, 504, 505, 507, 523, 524, 525, 529, 530, 532, 533, 536, 537, 538, 539, 540, 544, 545, 546, 548, 549, 551, 552, 553, 555, 557, 558, 560], "excluded_lines": [568, 569], "executed_branches": [[56, 57], [56, 72], [60, 61], [60, 63], [78, 79], [78, 82], [79, 78], [79, 80], [88, 89], [88, 104], [89, 88], [89, 90], [90, 88], [90, 91], [91, 90], [91, 93], [110, 111], [110, 126], [111, 112], [112, 110], [112, 113], [113, 112], [113, 115], [132, 133], [132, 143], [133, 134], [134, 132], [134, 135], [135, 134], [135, 136], [149, 151], [149, 162], [153, 149], [153, 154], [154, 153], [154, 155], [176, 177], [176, 186], [192, 193], [192, 201], [193, 192], [193, 194], [213, 214], [213, 221], [214, 215], [214, 216], [216, 217], [216, 219], [221, 224], [230, 231], [230, 241], [275, 276], [275, 298], [362, 364], [362, 392], [364, 362], [364, 365], [436, 437], [438, 439], [438, 441], [439, 440], [443, 460], [466, 467], [466, 470], [474, 475], [474, 488], [511, 512], [511, 518], [522, 527], [527, 542], [542, 563]], "missing_branches": [[111, 110], [133, 132], [221, 222], [403, 404], [403, 423], [436, 443], [439, 438], [443, 444], [445, 446], [445, 462], [522, 523], [527, 529], [529, 530], [529, 532], [542, 544], [544, 545], [544, 548], [551, 552], [551, 560]], "functions": {"PatternAnalyzer.__init__": {"executed_lines": [45, 46, 47, 48, 49, 50], "summary": {"covered_lines": 6, "num_statements": 6, "percent_covered": 100.0, "percent_covered_display": "100.00", "missing_lines": 0, "excluded_lines": 0, "percent_statements_covered": 100.0, "percent_statements_covered_display": "100.00", "num_branches": 0, "num_partial_branches": 0, "covered_branches": 0, "missing_branches": 0, "percent_branches_covered": 100.0, "percent_branches_covered_display": "100.00"}, "missing_lines": [], "excluded_lines": [], "start_line": 44, "executed_branches": [], "missing_branches": []}, "PatternAnalyzer.load_validation_reports": {"executed_lines": [54, 56, 57, 59, 60, 61, 63, 64, 65, 66, 67, 68, 69, 70, 72], "summary": {"covered_lines": 15, "num_statements": 15, "percent_covered": 100.0, "percent_covered_display": "100.00", "missing_lines": 0, "excluded_lines": 0, "percent_statements_covered": 100.0, "percent_statements_covered_display": "100.00", "num_branches": 4, "num_partial_branches": 0, "covered_branches": 4, "missing_branches": 0, "percent_branches_covered": 100.0, "percent_branches_covered_display": "100.00"}, "missing_lines": [], "excluded_lines": [], "start_line": 52, "executed_branches": [[56, 57], [56, 72], [60, 61], [60, 63]], "missing_branches": []}, "PatternAnalyzer.categorize_failure": {"executed_lines": [76, 78, 79, 80, 82], "summary": {"covered_lines": 5, "num_statements": 5, "percent_covered": 100.0, "percent_covered_display": "100.00", "missing_lines": 0, "excluded_lines": 0, "percent_statements_covered": 100.0, "percent_statements_covered_display": "100.00", "num_branches": 4, "num_partial_branches": 0, "covered_branches": 4, "missing_branches": 0, "percent_branches_covered": 100.0, "percent_branches_covered_display": "100.00"}, "missing_lines": [], "excluded_lines": [], "start_line": 74, "executed_branches": [[78, 79], [78, 82], [79, 78], [79, 80]], "missing_branches": []}, "PatternAnalyzer.detect_word_count_patterns": {"executed_lines": [86, 88, 89, 90, 91, 93, 94, 96, 104], "summary": {"covered_lines": 9, "num_statements": 9, "percent_covered": 100.0, "percent_covered_display": "100.00", "missing_lines": 0, "excluded_lines": 0, "percent_statements_covered": 100.0, "percent_statements_covered_display": "100.00", "num_branches": 8, "num_partial_branches": 0, "covered_branches": 8, "missing_branches": 0, "percent_branches_covered": 100.0, "percent_branches_covered_display": "100.00"}, "missing_lines": [], "excluded_lines": [], "start_line": 84, "executed_branches": [[88, 89], [88, 104], [89, 88], [89, 90], [90, 88], [90, 91], [91, 90], [91, 93]], "missing_branches": []}, "PatternAnalyzer.detect_attribution_patterns": {"executed_lines": [108, 110, 111, 112, 113, 115, 116, 118, 126], "summary": {"covered_lines": 9, "num_statements": 9, "percent_covered": 94.11764705882354, "percent_covered_display": "94.12", "missing_lines": 0, "excluded_lines": 0, "percent_statements_covered": 100.0, "percent_statements_covered_display": "100.00", "num_branches": 8, "num_partial_branches": 1, "covered_branches": 7, "missing_branches": 1, "percent_branches_covered": 87.5, "percent_branches_covered_display": "87.50"}, "missing_lines": [], "excluded_lines": [], "start_line": 106, "executed_branches": [[110, 111], [110, 126], [111, 112], [112, 110], [112, 113], [113, 112], [113, 115]], "missing_branches": [[111, 110]]}, "PatternAnalyzer.detect_structure_patterns": {"executed_lines": [130, 132, 133, 134, 135, 136, 143], "summary": {"covered_lines": 7, "num_statements": 7, "percent_covered": 93.33333333333333, "percent_covered_display": "93.33", "missing_lines": 0, "excluded_lines": 0, "percent_statements_covered": 100.0, "percent_statements_covered_display": "100.00", "num_branches": 8, "num_partial_branches": 1, "covered_branches": 7, "missing_branches": 1, "percent_branches_covered": 87.5, "percent_branches_covered_display": "87.50"}, "missing_lines": [], "excluded_lines": [], "start_line": 128, "executed_branches": [[132, 133], [132, 143], [133, 134], [134, 132], [134, 135], [135, 134], [135, 136]], "missing_branches": [[133, 132]]}, "PatternAnalyzer.detect_link_patterns": {"executed_lines": [147, 149, 151, 153, 154, 155, 162], "summary": {"covered_lines": 7, "num_statements": 7, "percent_covered": 100.0, "percent_covered_display": "100.00", "missing_lines": 0, "excluded_lines": 0, "percent_statements_covered": 100.0, "percent_statements_covered_display": "100.00", "num_branches": 6, "num_partial_branches": 0, "covered_branches": 6, "missing_branches": 0, "percent_branches_covered": 100.0, "percent_branches_covered_display": "100.00"}, "missing_lines": [], "excluded_lines": [], "start_line": 145, "executed_branches": [[149, 151], [149, 162], [153, 149], [153, 154], [154, 153], [154, 155]], "missing_branches": []}, "PatternAnalyzer.analyze_all_patterns": {"executed_lines": [166, 167, 168, 169, 170, 173, 174, 176, 177, 178, 186, 187, 188, 189, 192, 193, 194, 201], "summary": {"covered_lines": 18, "num_statements": 18, "percent_covered": 100.0, "percent_covered_display": "100.00", "missing_lines": 0, "excluded_lines": 0, "percent_statements_covered": 100.0, "percent_statements_covered_display": "100.00", "num_branches": 6, "num_partial_branches": 0, "covered_branches": 6, "missing_branches": 0, "percent_branches_covered": 100.0, "percent_branches_covered_display": "100.00"}, "missing_lines": [], "excluded_lines": [], "start_line": 164, "executed_branches": [[176, 177], [176, 186], [192, 193], [192, 201], [193, 192], [193, 194]], "missing_branches": []}, "PatternAnalyzer._calculate_severity": {"executed_lines": [210, 213, 214, 215, 216, 217, 219, 221, 224], "summary": {"covered_lines": 9, "num_statements": 10, "percent_covered": 88.88888888888889, "percent_covered_display": "88.89", "missing_lines": 1, "excluded_lines": 0, "percent_statements_covered": 90.0, "percent_statements_covered_display": "90.00", "num_branches": 8, "num_partial_branches": 1, "covered_branches": 7, "missing_branches": 1, "percent_branches_covered": 87.5, "percent_branches_covered_display": "87.50"}, "missing_lines": [222], "excluded_lines": [], "start_line": 208, "executed_branches": [[213, 214], [213, 221], [214, 215], [214, 216], [216, 217], [216, 219], [221, 224]], "missing_branches": [[221, 222]]}, "PatternAnalyzer.generate_alerts": {"executed_lines": [228, 230, 231, 239, 241, 242], "summary": {"covered_lines": 6, "num_statements": 6, "percent_covered": 100.0, "percent_covered_display": "100.00", "missing_lines": 0, "excluded_lines": 0, "percent_statements_covered": 100.0, "percent_statements_covered_display": "100.00", "num_branches": 2, "num_partial_branches": 0, "covered_branches": 2, "missing_branches": 0, "percent_branches_covered": 100.0, "percent_branches_covered_display": "100.00"}, "missing_lines": [], "excluded_lines": [], "start_line": 226, "executed_branches": [[230, 231], [230, 241]], "missing_branches": []}, "PatternAnalyzer._format_alert_message": {"executed_lines": [246, 247, 249, 256], "summary": {"covered_lines": 4, "num_statements": 4, "percent_covered": 100.0, "percent_covered_display": "100.00", "missing_lines": 0, "excluded_lines": 0, "percent_statements_covered": 100.0, "percent_statements_covered_display": "100.00", "num_branches": 0, "num_partial_branches": 0, "covered_branches": 0, "missing_branches": 0, "percent_branches_covered": 100.0, "percent_branches_covered_display": "100.00"}, "missing_lines": [], "excluded_lines": [], "start_line": 244, "executed_branches": [], "missing_branches": []}, "PatternAnalyzer._get_recommendation": {"executed_lines": [260, 262, 269], "summary": {"covered_lines": 3, "num_statements": 3, "percent_covered": 100.0, "percent_covered_display": "100.00", "missing_lines": 0, "excluded_lines": 0, "percent_statements_covered": 100.0, "percent_statements_covered_display": "100.00", "num_branches": 0, "num_partial_branches": 0, "covered_branches": 0, "missing_branches": 0, "percent_branches_covered": 100.0, "percent_branches_covered_display": "100.00"}, "missing_lines": [], "excluded_lines": [], "start_line": 258, "executed_branches": [], "missing_branches": []}, "PatternAnalyzer.suggest_doc_updates": {"executed_lines": [273, 275, 276, 279, 286, 288, 296, 298], "summary": {"covered_lines": 8, "num_statements": 8, "percent_covered": 100.0, "percent_covered_display": "100.00", "missing_lines": 0, "excluded_lines": 0, "percent_statements_covered": 100.0, "percent_statements_covered_display": "100.00", "num_branches": 2, "num_partial_branches": 0, "covered_branches": 2, "missing_branches": 0, "percent_branches_covered": 100.0, "percent_branches_covered_display": "100.00"}, "missing_lines": [], "excluded_lines": [], "start_line": 271, "executed_branches": [[275, 276], [275, 298]], "missing_branches": []}, "PatternAnalyzer._generate_doc_update": {"executed_lines": [302, 304, 354], "summary": {"covered_lines": 3, "num_statements": 3, "percent_covered": 100.0, "percent_covered_display": "100.00", "missing_lines": 0, "excluded_lines": 0, "percent_statements_covered": 100.0, "percent_statements_covered_display": "100.00", "num_branches": 0, "num_partial_branches": 0, "covered_branches": 0, "missing_branches": 0, "percent_branches_covered": 100.0, "percent_branches_covered_display": "100.00"}, "missing_lines": [], "excluded_lines": [], "start_line": 300, "executed_branches": [], "missing_branches": []}, "PatternAnalyzer.create_auto_feedback": {"executed_lines": [358, 359, 360, 362, 364, 365, 367, 385, 386, 387, 389, 390, 392], "summary": {"covered_lines": 13, "num_statements": 13, "percent_covered": 100.0, "percent_covered_display": "100.00", "missing_lines": 0, "excluded_lines": 0, "percent_statements_covered": 100.0, "percent_statements_covered_display": "100.00", "num_branches": 4, "num_partial_branches": 0, "covered_branches": 4, "missing_branches": 0, "percent_branches_covered": 100.0, "percent_branches_covered_display": "100.00"}, "missing_lines": [], "excluded_lines": [], "start_line": 356, "executed_branches": [[362, 364], [362, 392], [364, 362], [364, 365]], "missing_branches": []}, "PatternAnalyzer.integrate_with_ingest": {"executed_lines": [], "summary": {"covered_lines": 0, "num_statements": 17, "percent_covered": 0.0, "percent_covered_display": "0.00", "missing_lines": 17, "excluded_lines": 0, "percent_statements_covered": 0.0, "percent_statements_covered_display": "0.00", "num_branches": 2, "num_partial_branches": 0, "covered_branches": 0, "missing_branches": 2, "percent_branches_covered": 0.0, "percent_branches_covered_display": "0.00"}, "missing_lines": [396, 399, 400, 401, 403, 404, 405, 406, 407, 408, 409, 410, 415, 416, 417, 418, 423], "excluded_lines": [], "start_line": 394, "executed_branches": [], "missing_branches": [[403, 404], [403, 423]]}, "PatternAnalyzer.print_analysis_report": {"executed_lines": [427, 428, 429, 431, 432, 433, 434, 436, 437, 438, 439, 440, 441, 443, 460, 462], "summary": {"covered_lines": 16, "num_statements": 26, "percent_covered": 58.333333333333336, "percent_covered_display": "58.33", "missing_lines": 10, "excluded_lines": 0, "percent_statements_covered": 61.53846153846154, "percent_statements_covered_display": "61.54", "num_branches": 10, "num_partial_branches": 3, "covered_branches": 5, "missing_branches": 5, "percent_branches_covered": 50.0, "percent_branches_covered_display": "50.00"}, "missing_lines": [444, 445, 446, 452, 453, 454, 455, 456, 457, 458], "excluded_lines": [], "start_line": 425, "executed_branches": [[436, 437], [438, 439], [438, 441], [439, 440], [443, 460]], "missing_branches": [[436, 443], [439, 438], [443, 444], [445, 446], [445, 462]]}, "PatternAnalyzer.print_alerts_report": {"executed_lines": [466, 467, 468, 470, 471, 472, 474, 475, 481, 482, 483, 484, 485, 486, 488], "summary": {"covered_lines": 15, "num_statements": 15, "percent_covered": 100.0, "percent_covered_display": "100.00", "missing_lines": 0, "excluded_lines": 0, "percent_statements_covered": 100.0, "percent_statements_covered_display": "100.00", "num_branches": 4, "num_partial_branches": 0, "covered_branches": 4, "missing_branches": 0, "percent_branches_covered": 100.0, "percent_branches_covered_display": "100.00"}, "missing_lines": [], "excluded_lines": [], "start_line": 464, "executed_branches": [[466, 467], [466, 470], [474, 475], [474, 488]], "missing_branches": []}, "PatternAnalyzer.save_analysis_report": {"executed_lines": [], "summary": {"covered_lines": 0, "num_statements": 6, "percent_covered": 0.0, "percent_covered_display": "0.00", "missing_lines": 6, "excluded_lines": 0, "percent_statements_covered": 0.0, "percent_statements_covered_display": "0.00", "num_branches": 0, "num_partial_branches": 0, "covered_branches": 0, "missing_branches": 0, "percent_branches_covered": 100.0, "percent_branches_covered_display": "100.00"}, "missing_lines": [492, 501, 502, 504, 505, 507], "excluded_lines": [], "start_line": 490, "executed_branches": [], "missing_branches": []}, "main": {"executed_lines": [511, 512, 513, 514, 515, 516, 518, 520, 522, 527, 542, 563, 564, 565], "summary": {"covered_lines": 14, "num_statements": 38, "percent_covered": 36.53846153846154, "percent_covered_display": "36.54", "missing_lines": 24, "excluded_lines": 0, "percent_statements_covered": 36.8421052631579, "percent_statements_covered_display": "36.84", "num_branches": 14, "num_partial_branches": 3, "covered_branches": 5, "missing_branches": 9, "percent_branches_covered": 35.714285714285715, "percent_branches_covered_display": "35.71"}, "missing_lines": [523, 524, 525, 529, 530, 532, 533, 536, 537, 538, 539, 540, 544, 545, 546, 548, 549, 551, 552, 553, 555, 557, 558, 560], "excluded_lines": [], "start_line": 510, "executed_branches": [[511, 512], [511, 518], [522, 527], [527, 542], [542, 563]], "missing_branches": [[522, 523], [527, 529], [529, 530], [529, 532], [542, 544], [544, 545], [544, 548], [551, 552], [551, 560]]}, "": {"executed_lines": [16, 17, 18, 19, 20, 21, 22, 25, 29, 30, 33, 44, 52, 74, 84, 106, 128, 145, 164, 208, 226, 244, 258, 271, 300, 356, 394, 425, 464, 490, 510], "summary": {"covered_lines": 31, "num_statements": 31, "percent_covered": 100.0, "percent_covered_display": "100.00", "missing_lines": 0, "excluded_lines": 2, "percent_statements_covered": 100.0, "percent_statements_covered_display": "100.00", "num_branches": 0, "num_partial_branches": 0, "covered_branches": 0, "missing_branches": 0, "percent_branches_covered": 100.0, "percent_branches_covered_display": "100.00"}, "missing_lines": [], "excluded_lines": [568, 569], "start_line": 1, "executed_branches": [], "missing_branches": []}}, "classes": {"PatternAnalyzer": {"executed_lines": [45, 46, 47, 48, 49, 50, 54, 56, 57, 59, 60, 61, 63, 64, 65, 66, 67, 68, 69, 70, 72, 76, 78, 79, 80, 82, 86, 88, 89, 90, 91, 93, 94, 96, 104, 108, 110, 111, 112, 113, 115, 116, 118, 126, 130, 132, 133, 134, 135, 136, 143, 147, 149, 151, 153, 154, 155, 162, 166, 167, 168, 169, 170, 173, 174, 176, 177, 178, 186, 187, 188, 189, 192, 193, 194, 201, 210, 213, 214, 215, 216, 217, 219, 221, 224, 228, 230, 231, 239, 241, 242, 246, 247, 249, 256, 260, 262, 269, 273, 275, 276, 279, 286, 288, 296, 298, 302, 304, 354, 358, 359, 360, 362, 364, 365, 367, 385, 386, 387, 389, 390, 392, 427, 428, 429, 431, 432, 433, 434, 436, 437, 438, 439, 440, 441, 443, 460, 462, 466, 467, 468, 470, 471, 472, 474, 475, 481, 482, 483, 484, 485, 486, 488], "summary": {"covered_lines": 153, "num_statements": 187, "percent_covered": 83.26996197718631, "percent_covered_display": "83.27", "missing_lines": 34, "excluded_lines": 0, "percent_statements_covered": 81.81818181818181, "percent_statements_covered_display": "81.82", "num_branches": 76, "num_partial_branches": 6, "covered_branches": 66, "missing_branches": 10, "percent_branches_covered": 86.84210526315789, "percent_branches_covered_display": "86.84"}, "missing_lines": [222, 396, 399, 400, 401, 403, 404, 405, 406, 407, 408, 409, 410, 415, 416, 417, 418, 423, 444, 445, 446, 452, 453, 454, 455, 456, 457, 458, 492, 501, 502, 504, 505, 507], "excluded_lines": [], "start_line": 25, "executed_branches": [[56, 57], [5
[...]
nes": [], "excluded_lines": [], "start_line": 48, "executed_branches": [], "missing_branches": []}, "PhaseJSONValidator": {"executed_lines": [73, 74, 75, 76, 77, 78, 87, 88, 89, 92, 93, 94, 97, 98, 101, 104, 109, 110, 111, 112, 113, 114, 116, 117, 119, 128, 129, 130, 131, 132, 133, 134, 146, 147, 150, 151, 154, 155, 158, 159, 161, 166, 167, 168, 169, 171, 176, 177, 184, 185, 186, 188, 189, 196, 197, 198, 199, 200, 201, 202, 208, 209, 216, 217, 218, 225, 226, 227, 229, 230, 231, 234, 235, 236, 239, 244, 248, 249, 251, 258, 259, 260, 269, 270, 277, 278, 279, 286, 287, 288, 289, 290, 291, 292, 293, 295, 302, 303, 304, 311, 312, 313, 314, 315, 316, 317, 320, 327, 328, 329, 331, 332, 333, 339, 347, 348, 349, 350, 351, 354, 361, 362, 364, 373, 374, 381, 382, 389, 390, 391, 392, 393, 395, 401, 407, 414, 415, 417, 418, 422, 428, 436, 437, 438, 446, 447, 460, 482, 484, 485, 486, 487, 488, 489, 491, 492, 493, 494, 495, 496, 497, 499, 500, 501, 502, 503, 505, 511], "summary": {"covered_lines": 168, "num_statements": 184, "percent_covered": 88.97058823529412, "percent_covered_display": "88.97", "missing_lines": 16, "excluded_lines": 0, "percent_statements_covered": 91.30434782608695, "percent_statements_covered_display": "91.30", "num_branches": 88, "num_partial_branches": 12, "covered_branches": 74, "missing_branches": 14, "percent_branches_covered": 84.0909090909091, "percent_branches_covered_display": "84.09"}, "missing_lines": [102, 105, 106, 135, 136, 137, 240, 241, 245, 246, 318, 352, 506, 507, 508, 509], "excluded_lines": [], "start_line": 56, "executed_branches": [[92, 93], [92, 97], [97, 98], [97, 101], [101, 104], [104, 109], [109, 110], [109, 111], [111, 112], [111, 113], [113, 114], [113, 116], [146, 147], [146, 150], [150, 151], [150, 154], [154, 155], [154, 158], [158, 159], [158, 161], [167, -163], [167, 168], [168, 169], [168, 171], [185, 186], [185, 188], [197, 198], [197, 208], [198, 199], [198, 208], [199, 200], [200, 198], [200, 201], [208, 209], [208, 216], [229, 230], [229, 234], [234, 235], [234, 239], [239, 244], [244, 248], [248, 249], [248, 251], [287, 288], [287, 295], [288, 289], [288, 295], [289, 290], [292, 288], [292, 293], [312, 313], [312, 320], [313, 314], [313, 320], [314, 315], [317, 313], [331, 332], [331, 339], [348, 349], [348, 354], [349, 350], [349, 354], [350, 351], [351, 349], [389, 390], [389, 414], [417, 418], [417, 428], [493, 494], [493, 499], [499, 500], [502, 503], [502, 505], [505, 511]], "missing_branches": [[101, 102], [104, 105], [199, 198], [239, 240], [244, 245], [289, 288], [314, 313], [317, 318], [350, 349], [351, 352], [499, 505], [505, 506], [508, 509], [508, 511]]}, "": {"executed_lines": [39, 40, 41, 42, 43, 44, 47, 48, 53, 56, 60, 63, 65, 80, 121, 139, 163, 173, 266, 370, 453, 480, 514, 516, 528, 534, 541, 547, 553, 556, 557, 558, 560, 562, 573, 576, 577, 579, 580, 581, 582, 584, 585, 587, 588, 591, 592, 599, 602], "summary": {"covered_lines": 49, "num_statements": 56, "percent_covered": 82.85714285714286, "percent_covered_display": "82.86", "missing_lines": 7, "excluded_lines": 2, "percent_statements_covered": 87.5, "percent_statements_covered_display": "87.50", "num_branches": 14, "num_partial_branches": 1, "covered_branches": 9, "missing_branches": 5, "percent_branches_covered": 64.28571428571429, "percent_branches_covered_display": "64.29"}, "missing_lines": [564, 565, 566, 567, 569, 570, 571], "excluded_lines": [605, 606], "start_line": 1, "executed_branches": [[556, 557], [556, 560], [562, 573], [579, 580], [579, 591], [587, 579], [587, 588], [591, 592], [591, 602]], "missing_branches": [[562, 564], [565, 566], [565, 569], [569, 570], [569, 576]]}}}, "scripts\\validate_phase_json_integrated.py": {"executed_lines": [23, 24, 25, 26, 27, 28, 31, 32, 39, 40, 45, 48, 57, 60, 63, 64, 66, 74, 75, 76, 77, 78, 79, 82, 84, 91, 92, 93, 96, 97, 98, 101, 105, 106, 108, 109, 110, 113, 114, 115, 116, 117, 118, 120, 121, 123, 125, 127, 128, 129, 130, 131, 132, 133, 134, 135, 136, 138, 140, 141, 144, 145, 148, 149, 152, 153, 155, 157, 160, 161, 162, 163, 165, 167, 175, 176, 183, 184, 185, 187, 188, 195, 196, 197, 198, 199, 200, 201, 207, 208, 215, 216, 217, 224, 225, 226, 228, 229, 230, 233, 234, 235, 238, 239, 240, 243, 244, 245, 247, 248, 250, 257, 258, 259, 265, 272, 273, 280, 281, 282, 289, 290, 291, 292, 293, 294, 295, 296, 298, 305, 306, 308, 309, 316, 317, 319, 325, 333, 334, 341, 342, 349, 350, 351, 352, 353, 355, 361, 367, 374, 375, 377, 378, 382, 389, 390, 391, 399, 400, 406, 408, 437, 439, 441, 442, 443, 444, 445, 446, 448, 449, 450, 451, 452, 453, 454, 456, 457, 458, 459, 460, 462, 463, 464, 465, 466, 468, 469, 470, 471, 473, 476, 478, 493, 499, 506, 512, 518, 521, 522, 523, 525, 527, 529, 530, 531, 532, 534, 535, 536, 538, 541, 542, 544, 545, 546, 547, 549, 550, 552, 553, 556, 557, 576, 579], "summary": {"covered_lines": 225, "num_statements": 230, "percent_covered": 97.46835443037975, "percent_covered_display": "97.47", "missing_lines": 5, "excluded_lines": 2, "percent_statements_covered": 97.82608695652173, "percent_statements_covered_display": "97.83", "num_branches": 86, "num_partial_branches": 3, "covered_branches": 83, "missing_branches": 3, "percent_branches_covered": 96.51162790697674, "percent_branches_covered_display": "96.51"}, "missing_lines": [33, 34, 35, 36, 102], "excluded_lines": [582, 583], "executed_branches": [[96, 97], [96, 101], [101, 105], [105, 106], [105, 108], [108, 109], [108, 113], [113, 114], [113, 115], [115, 116], [115, 117], [117, 118], [117, 120], [140, 141], [140, 144], [144, 145], [144, 148], [148, 149], [148, 152], [152, 153], [152, 155], [161, -157], [161, 162], [162, 163], [162, 165], [184, 185], [184, 187], [196, 197], [196, 207], [197, 198], [197, 207], [198, 199], [199, 197], [199, 200], [207, 208], [207, 215], [228, 229], [228, 233], [233, 234], [233, 238], [238, 239], [238, 243], [243, 244], [243, 247], [247, 248], [247, 250], [290, 291], [290, 298], [291, 292], [291, 298], [292, 293], [295, 291], [295, 296], [349, 350], [349, 374], [377, 378], [377, 389], [450, 451], [450, 456], [456, 457], [456, 462], [459, 460], [459, 462], [462, 463], [462, 468], [465, 466], [465, 468], [470, 471], [470, 473], [521, 522], [521, 525], [527, 529], [527, 538], [530, 531], [530, 534], [534, 535], [534, 541], [544, 545], [544, 556], [552, 544], [552, 553], [556, 557], [556, 579]], "missing_branches": [[101, 102], [198, 197], [292, 291]], "functions": {"PhaseJSONValidator.__init__": {"executed_lines": [74, 75, 76, 77, 78, 79, 82], "summary": {"covered_lines": 7, "num_statements": 7, "percent_covered": 100.0, "percent_covered_display": "100.00", "missing_lines": 0, "excluded_lines": 0, "percent_statements_covered": 100.0, "percent_statements_covered_display": "100.00", "num_branches": 0, "num_partial_branches": 0, "covered_branches": 0, "missing_branches": 0, "percent_branches_covered": 100.0, "percent_branches_covered_display": "100.00"}, "missing_lines": [], "excluded_lines": [], "start_line": 66, "executed_branches": [], "missing_branches": []}, "PhaseJSONValidator.validate": {"executed_lines": [91, 92, 93, 96, 97, 98, 101, 105, 106, 108, 109, 110, 113, 114, 115, 116, 117, 118, 120, 121, 123], "summary": {"covered_lines": 21, "num_statements": 22, "percent_covered": 94.44444444444444, "percent_covered_display": "94.44", "missing_lines": 1, "excluded_lines": 0, "percent_statements_covered": 95.45454545454545, "percent_statements_covered_display": "95.45", "num_branches": 14, "num_partial_branches": 1, "covered_branches": 13, "missing_branches": 1, "percent_branches_covered": 92.85714285714286, "percent_branches_covered_display": "92.86"}, "missing_lines": [102], "excluded_lines": [], "start_line": 84, "executed_branches": [[96, 97], [96, 101], [101, 105], [105, 106], [105, 108], [108, 109], [108, 113], [113, 114], [113, 115], [115, 116], [115, 117], [117, 118], [117, 120]], "missing_branches": [[101, 102]]}, "PhaseJSONValidator._read_json": {"executed_lines": [127, 128, 129, 130, 131, 132, 133, 134, 135, 136], "summary": {"covered_lines": 10, "num_statements": 10, "percent_covered": 100.0, "percent_covered_display": "100.00", "missing_lines": 0, "excluded_lines": 0, "percent_statements_covered": 100.0, "percent_statements_covered_display": "100.00", "num_branches": 0, "num_partial_branches": 0, "covered_branches": 0, "missing_branches": 0, "percent_branches_covered": 100.0, "percent_branches_covered_display": "100.00"}, "missing_lines": [], "excluded_lines": [], "start_line": 125, "executed_branches": [], "missing_branches": []}, "PhaseJSONValidator._detect_phase": {"executed_lines": [140, 141, 144, 145, 148, 149, 152, 153, 155], "summary": {"covered_lines": 9, "num_statements": 9, "percent_covered": 100.0, "percent_covered_display": "100.00", "missing_lines": 0, "excluded_lines": 0, "percent_statements_covered": 100.0, "percent_statements_covered_display": "100.00", "num_branches": 8, "num_partial_branches": 0, "covered_branches": 8, "missing_branches": 0, "percent_branches_covered": 100.0, "percent_branches_covered_display": "100.00"}, "missing_lines": [], "excluded_lines": [], "start_line": 138, "executed_branches": [[140, 141], [140, 144], [144, 145], [144, 148], [148, 149], [148, 152], [152, 153], [152, 155]], "missing_branches": []}, "PhaseJSONValidator._add_check": {"executed_lines": [160, 161, 162, 163, 165], "summary": {"covered_lines": 5, "num_statements": 5, "percent_covered": 100.0, "percent_covered_display": "100.00", "missing_lines": 0, "excluded_lines": 0, "percent_statements_covered": 100.0, "percent_statements_covered_display": "100.00", "num_branches": 4, "num_partial_branches": 0, "covered_branches": 4, "missing_branches": 0, "percent_branches_covered": 100.0, "percent_branches_covered_display": "100.00"}, "missing_lines": [], "excluded_lines": [], "start_line": 157, "executed_branches": [[161, -157], [161, 162], [162, 163], [162, 165]], "missing_branches": []}, "PhaseJSONValidator._validate_phase_1": {"executed_lines": [175, 176, 183, 184, 185, 187, 188, 195, 196, 197, 198, 199, 200, 201, 207, 208, 215, 216, 217, 224, 225, 226, 228, 229, 230, 233, 234, 235, 238, 239, 240, 243, 244, 245, 247, 248, 250, 257, 258, 259], "summary": {"covered_lines": 40, "num_statements": 40, "percent_covered": 98.38709677419355, "percent_covered_display": "98.39", "missing_lines": 0, "excluded_lines": 0, "percent_statements_covered": 100.0, "percent_statements_covered_display": "100.00", "num_branches": 22, "num_partial_branches": 1, "covered_branches": 21, "missing_branches": 1, "percent_branches_covered": 95.45454545454545, "percent_branches_covered_display": "95.45"}, "missing_lines": [], "excluded_lines": [], "start_line": 167, "executed_branches": [[184, 185], [184, 187], [196, 197], [196, 207], [197, 198], [197, 207], [198, 199], [199, 197], [199, 200], [207, 208], [207, 215], [228, 229], [228, 233], [233, 234], [233, 238], [238, 239], [238, 243], [243, 244], [243, 247], [247, 248], [247, 250]], "missing_branches": [[198, 197]]}, "PhaseJSONValidator._validate_phase_2": {"executed_lines": [272, 273, 280, 281, 282, 289, 290, 291, 292, 293, 294, 295, 296, 298, 305, 306, 308, 309, 316, 317, 319], "summary": {"covered_lines": 21, "num_statements": 21, "percent_covered": 96.55172413793103, "percent_covered_display": "96.55", "missing_lines": 0, "excluded_lines": 0, "percent_statements_covered": 100.0, "percent_statements_covered_display": "100.00", "num_branches": 8, "num_partial_branches": 1, "covered_branches": 7, "missing_branches": 1, "percent_branches_covered": 87.5, "percent_branches_covered_display": "87.50"}, "missing_lines": [], "excluded_lines": [], "start_line": 265, "executed_branches": [[290, 291], [290, 298], [291, 292], [291, 298], [292, 293], [295, 291], [295, 296]], "missing_branches": [[292, 291]]}, "PhaseJSONValidator._validate_phase_3": {"executed_lines": [333, 334, 341, 342, 349, 350, 351, 352, 353, 355, 361, 367, 374, 375, 377, 378, 382, 389, 390, 391, 399, 400], "summary": {"covered_lines": 22, "num_statements": 22, "percent_covered": 100.0, "percent_covered_display": "100.00", "missing_lines": 0, "excluded_lines": 0, "percent_statements_covered": 100.0, "percent_statements_covered_display": "100.00", "num_branches": 4, "num_partial_branches": 0, "covered_branches": 4, "missing_branches": 0, "percent_branches_covered": 100.0, "percent_branches_covered_display": "100.00"}, "missing_lines": [], "excluded_lines": [], "start_line": 325, "executed_branches": [[349, 350], [349, 374], [377, 378], [377, 389]], "missing_branches": []}, "PhaseJSONValidator.get_report": {"executed_lines": [408], "summary": {"covered_lines": 1, "num_statements": 1, "percent_covered": 100.0, "percent_covered_display": "100.00", "missing_lines": 0, "excluded_lines": 0, "percent_statements_covered": 100.0, "percent_statements_covered_display": "100.00", "num_branches": 0, "num_partial_branches": 0, "covered_branches": 0, "missing_branches": 0, "percent_branches_covered": 100.0, "percent_branches_covered_display": "100.00"}, "missing_lines": [], "excluded_lines": [], "start_line": 406, "executed_branches": [], "missing_branches": []}, "PhaseJSONValidator.print_report": {"executed_lines": [439, 441, 442, 443, 444, 445, 446, 448, 449, 450, 451, 452, 453, 454, 456, 457, 458, 459, 460, 462, 463, 464, 465, 466, 468, 469, 470, 471, 473], "summary": {"covered_lines": 29, "num_statements": 29, "percent_covered": 100.0, "percent_covered_display": "100.00", "missing_lines": 0, "excluded_lines": 0, "percent_statements_covered": 100.0, "percent_statements_covered_display": "100.00", "num_branches": 12, "num_partial_branches": 0, "covered_branches": 12, "missing_branches": 0, "percent_branches_covered": 100.0, "percent_branches_covered_display": "100.00"}, "missing_lines": [], "excluded_lines": [], "start_line": 437, "executed_branches": [[450, 451], [450, 456], [456, 457], [456, 462], [459, 460], [459, 462], [462, 463], [462, 468], [465, 466], [465, 468], [470, 471], [470, 473]], "missing_branches": []}, "main": {"executed_lines": [478, 493, 499, 506, 512, 518, 521, 522, 523, 525, 527, 529, 530, 531, 532, 534, 535, 536, 538, 541, 542, 544, 545, 546, 547, 549, 550, 552, 553, 556, 557, 576, 579], "summary": {"covered_lines": 33, "num_statements": 33, "percent_covered": 100.0, "percent_covered_display": "100.00", "missing_lines": 0, "excluded_lines": 0, "percent_statements_covered": 100.0, "percent_statements_covered_display": "100.00", "num_branches": 14, "num_partial_branches": 0, "covered_branches": 14, "missing_branches": 0, "percent_branches_covered": 100.0, "percent_branches_covered_display": "100.00"}, "missing_lines": [], "excluded_lines": [], "start_line": 476, "executed_branches": [[521, 522], [521, 525], [527, 529], [527, 538], [530, 531], [530, 534], [534, 535], [534, 541], [544, 545], [544, 556], [552, 544], [552, 553], [556, 557], [556, 579]], "missing_branches": []}, "": {"executed_lines": [23, 24, 25, 26, 27, 28, 31, 32, 39, 40, 45, 48, 57, 60, 63, 64, 66, 84, 125, 138, 157, 167, 265, 325, 406, 437, 476], "summary": {"covered_lines": 27, "num_statements": 31, "percent_covered": 87.09677419354838, "percent_covered_display": "87.10", "missing_lines": 4, "excluded_lines": 2, "percent_statements_covered": 87.09677419354838, "percent_statements_covered_display": "87.10", "num_branches": 0, "num_partial_branches": 0, "covered_branches": 0, "missing_branches": 0, "percent_branches_covered": 100.0, "percent_branches_covered_display": "100.00"}, "missing_lines": [33, 34, 35, 36], "excluded_lines": [582, 583], "start_line": 1, "executed_branches": [], "missing_branches": []}}, "classes": {"ValidationResult": {"executed_lines": [], "summary": {"covered_lines": 0, "num_statements": 0, "percent_covered": 100.0, "percent_covered_display": "100.00", "missing_lines": 0, "excluded_lines": 0, "percent_statements_covered": 100.0, "percent_statements_covered_display": "100.00", "num_branches": 0, "num_partial_branches": 0, "covered_branches": 0, "missing_branches": 0, "percent_branches_covered": 100.0, "percent_branches_covered_display": "100.00"}, "missing_lines": [], "excluded_lines": [], "start_line": 40, "executed_branches": [], "missing_branches": []}, "PhaseJSONValidator": {"executed_lines": [74, 75, 76, 77, 78, 79, 82, 91, 92, 93, 96, 97, 98, 101, 105, 106, 108, 109, 110, 113, 114, 115, 116, 117, 118, 120, 121, 123, 127, 128, 129, 130, 131, 132, 133, 134, 135, 136, 140, 141, 144, 145, 148, 149, 152, 153, 155, 160, 161, 162, 163, 165, 175, 176, 183, 184, 185, 187, 188, 195, 196, 197, 198, 199, 200, 201, 207, 208, 215, 216, 217, 224, 225, 226, 228, 229, 230, 233, 234, 235, 238, 239, 240, 243, 244, 245, 247, 248, 250, 257, 258, 259, 272, 273, 280, 281, 282, 289, 290, 291, 292, 293, 294, 295, 296, 298, 305, 306, 308, 309, 316, 317, 319, 333, 334, 341, 342, 349, 350, 351, 352, 353, 355, 361, 367, 374, 375, 377, 378, 382, 389, 390, 391, 399, 400, 408, 439, 441, 442, 443, 444, 445, 446, 448, 449, 450, 451, 452, 453, 454, 456, 457, 458, 459, 460, 462, 463, 464, 465, 466, 468, 469, 470, 471, 473], "summary": {"covered_lines": 165, "num_statements": 166, "percent_covered": 98.31932773109244, "percent_covered_display": "98.32", "missing_lines": 1, "excluded_lines": 0, "percent_statements_covered": 99.39759036144578, "percent_statements_covered_display": "99.40", "num_branches": 72, "num_partial_branches": 3, "covered_branches": 69, "missing_branches": 3, "percent_branches_covered": 95.83333333333333, "percent_branches_covered_display": "95.83"}, "missing_lines": [102], "excluded_lines": [], "start_line": 48, "executed_branches": [[96, 97], [96, 101], [101, 105], [105, 106], [105, 108], [108, 109], [108, 113], [113, 114], [113, 115], [115, 116], [115, 117], [117, 118], [117, 120], [140, 141], [140, 144], [144, 145], [144, 148], [148, 149], [148, 152], [152, 153], [152, 155], [161, -157], [161, 162], [162, 163], [162, 165], [184, 185], [184, 187], [196, 197], [196, 207], [197, 198], [197, 207], [198, 199], [199, 197], [199, 200], [207, 208], [207, 215], [228, 229], [228, 233], [233, 234], [233, 238], [238, 239], [238, 243], [243, 244], [243, 247], [247, 248], [247, 250], [290, 291], [290, 298], [291, 292], [291, 298], [292, 293], [295, 291], [295, 296], [349, 350], [349, 374], [377, 378], [377, 389], [450, 451], [450, 456], [456, 457], [456, 462], [459, 460], [459, 462], [462, 463], [462, 468], [465, 466], [465, 468], [470, 471], [470, 473]], "missing_branches": [[101, 102], [198, 197], [292, 291]]}, "": {"executed_lines": [23, 24, 25, 26, 27, 28, 31, 32, 39, 40, 45, 48, 57, 60, 63, 64, 66, 84, 125, 138, 157, 167, 265, 325, 406, 437, 476, 478, 493, 499, 506, 512, 518, 521, 522, 523, 525, 527, 529, 530, 531, 532, 534, 535, 536, 538, 541, 542, 544, 545, 546, 547, 549, 550, 552, 553, 556, 557, 576, 579], "summary": {"covered_lines": 60, "num_statements": 64, "percent_covered": 94.87179487179488, "percent_covered_display": "94.87", "missing_lines": 4, "excluded_lines": 2, "percent_statements_covered": 93.75, "percent_statements_covered_display": "93.75", "num_branches": 14, "num_partial_branches": 0, "covered_branches": 14, "missing_branches": 0, "percent_branches_covered": 100.0, "percent_branches_covered_display": "100.00"}, "missing_lines": [33, 34, 35, 36], "excluded_lines": [582, 583], "start_line": 1, "executed_branches": [[521, 522], [521, 525], [527, 529], [527, 538], [530, 531], [530, 534], [534, 535], [534, 541], [544, 545], [544, 556], [552, 544], [552, 553], [556, 557], [556, 579]], "missing_branches": []}}}}, "totals": {"covered_lines": 2606, "num_statements": 2959, "percent_covered": 87.41139085798093, "percent_covered_display": "87.41", "missing_lines": 353, "excluded_lines": 26, "percent_statements_covered": 88.07029401824941, "percent_statements_covered_display": "88.07", "num_branches": 1132, "num_partial_branches": 82, "covered_branches": 970, "missing_branches": 162, "percent_branches_covered": 85.68904593639576, "percent_branches_covered_display": "85.69"}}